<?xml version="1.0" encoding="UTF-8"?>
<testsuite name="Selección en línea de productos de tecnología" tests="1" skipped="0" failures="0" errors="0" timestamp="2021-12-31T18:22:29" hostname="22LAP5CD1346NKF" time="14.927">
  <properties/>
  <testcase name="La canasta de compras deberia mostrar los detalles del producto a comprar" classname="Selección en línea de productos de tecnología" time="14.927"/>
  <system-out><![CDATA[13:22:30.153 [Test worker] INFO net.serenitybdd.core.webdriver.driverproviders.ProvideNewDriver - Instantiating driver
13:22:30.153 [Test worker] INFO net.serenitybdd.core.webdriver.driverproviders.ProvideNewDriver - Driver capabilities: Capabilities {acceptInsecureCerts: false, acceptSslCerts: true, browserName: chrome, goog:chromeOptions: {args: [], extensions: []}, incognito: true, loggingPrefs: org.openqa.selenium.logging..., platform: ANY, version: }
13:22:37.726 [Test worker] DEBUG net.serenitybdd.core.photography.Darkroom - Opening darkroom
13:22:37.727 [Darkroom Processing Line] DEBUG net.serenitybdd.core.photography.DarkroomProcessingLine - Darkroom processing line starting up
13:22:38.011 [Test worker] DEBUG net.serenitybdd.core.photography.Darkroom - Send negative for processing for C:\EJERCICIOS_BOOTCAMP\Retos\ProyectoFinal_advantageonlineshopping\target\site\serenity\dca15a1a2f8256f9dce55b6e87c06afa5d3585b6ee5b7647bbb34a30fee55b2a.png
13:22:41.488 [Test worker] DEBUG net.serenitybdd.core.photography.Darkroom - Send negative for processing for C:\EJERCICIOS_BOOTCAMP\Retos\ProyectoFinal_advantageonlineshopping\target\site\serenity\b5128efc39ba91995ae7bf1dc538eca2e4333d1cbc8fbe8f4787ef783680805d.png
13:22:42.652 [Test worker] DEBUG net.serenitybdd.core.photography.Darkroom - Send negative for processing for C:\EJERCICIOS_BOOTCAMP\Retos\ProyectoFinal_advantageonlineshopping\target\site\serenity\fdc88b47cd659af2a16476d70a3b8248c602e6acd16990f4779ecc5a0e733997.png
13:22:42.653 [Darkroom Processing Line] DEBUG net.serenitybdd.core.photography.DarkroomProcessingLine - Processing screenshot image in /var/screenshots/screenshot-1281021900837690693
13:22:42.653 [Darkroom Processing Line] DEBUG net.serenitybdd.core.photography.DarkroomProcessingLine - Saving screenshot to C:\EJERCICIOS_BOOTCAMP\Retos\ProyectoFinal_advantageonlineshopping\target\site\serenity\fdc88b47cd659af2a16476d70a3b8248c602e6acd16990f4779ecc5a0e733997.png
13:22:44.466 [Test worker] INFO net.thucydides.core.steps.ConsoleLoggingListener - ?[92m
        __    _____ _____ ____ _____   ____   _    ____  ____  _____ ____  
  _     \ \  |_   _| ____/ ___|_   _| |  _ \ / \  / ___|/ ___|| ____|  _ \ 
 (_)_____| |   | | |  _| \___ \ | |   | |_) / _ \ \___ \\___ \|  _| | | | |
  _|_____| |   | | | |___ ___) || |   |  __/ ___ \ ___) |___) | |___| |_| |
 (_)     | |   |_| |_____|____/ |_|   |_| /_/   \_\____/|____/|_____|____/ 
        /_/                                                                

TEST PASSED: La canasta de compras deberia mostrar los detalles del producto a comprar
----------------------------------------------------------------------------?[0m
]]></system-out>
  <system-err><![CDATA[dic 31, 2021 1:22:29 PM org.openqa.selenium.remote.DesiredCapabilities chrome
INFORMACIÓN: Using `new ChromeOptions()` is preferred to `DesiredCapabilities.chrome()`
Starting ChromeDriver 96.0.4664.45 (76e4c1bb2ab4671b8beba3444e61c0f17584b2fc-refs/branch-heads/4664@{#947}) on port 24477
Only local connections are allowed.
Please see https://chromedriver.chromium.org/security-considerations for suggestions on keeping ChromeDriver safe.
ChromeDriver was started successfully.
dic 31, 2021 1:22:33 PM org.openqa.selenium.remote.ProtocolHandshake createSession
INFORMACIÓN: Detected dialect: W3C
]]></system-err>
</testsuite>
