<?xml version="1.0" encoding="UTF-8"?>
<testsuite name="Comprar Producto" tests="1" skipped="0" failures="0" errors="0" timestamp="2021-12-23T19:46:44" hostname="22LAP5CD1346NKF" time="29.992">
  <properties/>
  <testcase name="El usuario quiere realizar las compras de un producto" classname="Comprar Producto" time="29.992"/>
  <system-out><![CDATA[14:46:45.197 [Test worker] INFO net.serenitybdd.core.webdriver.driverproviders.ProvideNewDriver - Instantiating driver
14:46:45.197 [Test worker] INFO net.serenitybdd.core.webdriver.driverproviders.ProvideNewDriver - Driver capabilities: Capabilities {acceptInsecureCerts: false, acceptSslCerts: true, browserName: chrome, goog:chromeOptions: {args: [], extensions: []}, incognito: true, loggingPrefs: org.openqa.selenium.logging..., platform: ANY, version: }
14:46:57.761 [Test worker] DEBUG net.serenitybdd.core.photography.Darkroom - Opening darkroom
14:46:57.763 [Darkroom Processing Line] DEBUG net.serenitybdd.core.photography.DarkroomProcessingLine - Darkroom processing line starting up
14:46:58.338 [Test worker] DEBUG net.serenitybdd.core.photography.Darkroom - Send negative for processing for C:\EJERCICIOS_BOOTCAMP\Retos\Project_Falabella\target\site\serenity\c1375b5ea694ce6a0f4c2446182d4373e551b18c37766e2e4b126dee6fa90c8e.png
14:47:05.346 [Test worker] DEBUG net.serenitybdd.core.photography.Darkroom - Send negative for processing for C:\EJERCICIOS_BOOTCAMP\Retos\Project_Falabella\target\site\serenity\fbdc1c2e5813c4c3f6a7ab2b4dc4a72d630c92af9bd611ab44ba14510ea70a48.png
14:47:05.347 [Darkroom Processing Line] DEBUG net.serenitybdd.core.photography.DarkroomProcessingLine - Processing screenshot image in /var/screenshots/screenshot-2377743777957373297
14:47:05.347 [Darkroom Processing Line] DEBUG net.serenitybdd.core.photography.DarkroomProcessingLine - Saving screenshot to C:\EJERCICIOS_BOOTCAMP\Retos\Project_Falabella\target\site\serenity\fbdc1c2e5813c4c3f6a7ab2b4dc4a72d630c92af9bd611ab44ba14510ea70a48.png
14:47:05.914 [Test worker] DEBUG net.serenitybdd.core.photography.Darkroom - Send negative for processing for C:\EJERCICIOS_BOOTCAMP\Retos\Project_Falabella\target\site\serenity\fbdc1c2e5813c4c3f6a7ab2b4dc4a72d630c92af9bd611ab44ba14510ea70a48.png
14:47:12.965 [Test worker] DEBUG net.serenitybdd.core.photography.Darkroom - Send negative for processing for C:\EJERCICIOS_BOOTCAMP\Retos\Project_Falabella\target\site\serenity\8147bec8b0d2a6c59c28f945327dcd7d3ca9321fdbc5cfb7f9824ea4a671e2b7.png
14:47:14.555 [Test worker] INFO net.thucydides.core.steps.ConsoleLoggingListener - ?[92m
        __    _____ _____ ____ _____   ____   _    ____  ____  _____ ____  
  _     \ \  |_   _| ____/ ___|_   _| |  _ \ / \  / ___|/ ___|| ____|  _ \ 
 (_)_____| |   | | |  _| \___ \ | |   | |_) / _ \ \___ \\___ \|  _| | | | |
  _|_____| |   | | | |___ ___) || |   |  __/ ___ \ ___) |___) | |___| |_| |
 (_)     | |   |_| |_____|____/ |_|   |_| /_/   \_\____/|____/|_____|____/ 
        /_/                                                                

TEST PASSED: El usuario quiere realizar las compras de un producto
----------------------------------------------------------------------------?[0m
]]></system-out>
  <system-err><![CDATA[dic 23, 2021 2:46:44 PM org.openqa.selenium.remote.DesiredCapabilities chrome
INFORMACIÓN: Using `new ChromeOptions()` is preferred to `DesiredCapabilities.chrome()`
Starting ChromeDriver 96.0.4664.45 (76e4c1bb2ab4671b8beba3444e61c0f17584b2fc-refs/branch-heads/4664@{#947}) on port 9781
Only local connections are allowed.
Please see https://chromedriver.chromium.org/security-considerations for suggestions on keeping ChromeDriver safe.
ChromeDriver was started successfully.
dic 23, 2021 2:46:48 PM org.openqa.selenium.remote.ProtocolHandshake createSession
INFORMACIÓN: Detected dialect: W3C
]]></system-err>
</testsuite>
