<?xml version="1.0" encoding="UTF-8"?>
<testsuite name="com.indra.runners.SelectArticuloRunners" tests="0" skipped="0" failures="0" errors="0" timestamp="1970-01-01T00:00:00" hostname="22LAP5CD1346NKF" time="0.0">
  <properties/>
  <system-out><![CDATA[13:22:29.067 [Test worker] DEBUG net.thucydides.core.util.PropertiesFileLocalPreferences - LOADING LOCAL PROPERTIES FROM C:\EJERCICIOS_BOOTCAMP\Retos\ProyectoFinal_advantageonlineshopping\serenity.properties 
13:22:29.114 [Test worker] DEBUG net.thucydides.core.util.PropertiesFileLocalPreferences - LOADING LOCAL PROPERTIES FROM C:\EJERCICIOS_BOOTCAMP\Retos\ProyectoFinal_advantageonlineshopping\serenity.properties 
13:22:29.121 [Test worker] DEBUG net.thucydides.core.util.PropertiesFileLocalPreferences - LOADING LOCAL PROPERTIES FROM C:\EJERCICIOS_BOOTCAMP\Retos\ProyectoFinal_advantageonlineshopping\serenity.properties 
13:22:29.121 [Test worker] DEBUG net.thucydides.core.util.PropertiesFileLocalPreferences - webdriver.driver=chrome
13:22:29.121 [Test worker] DEBUG net.thucydides.core.util.PropertiesFileLocalPreferences - chrome.capabilities.incognito=true
13:22:29.121 [Test worker] DEBUG net.thucydides.core.util.PropertiesFileLocalPreferences - webdriver.chrome.driver=src/test/resources/drivers/chromedriver.exe
13:22:29.121 [Test worker] DEBUG net.thucydides.core.util.PropertiesFileLocalPreferences - chrome.capabilities.acceptSslCerts=true
13:22:29.121 [Test worker] DEBUG net.thucydides.core.util.PropertiesFileLocalPreferences - serenity.console.colors=true
13:22:29.121 [Test worker] DEBUG net.thucydides.core.util.PropertiesFileLocalPreferences - webdriver.base.url=https://advantageonlineshopping.com
13:22:29.121 [Test worker] DEBUG net.thucydides.core.util.PropertiesFileLocalPreferences - serenity.project.name=Dojo Serenity / Cucumber
13:22:29.121 [Test worker] DEBUG net.thucydides.core.util.PropertiesFileLocalPreferences - webdriver.wait.for.timeout=4000
13:22:29.121 [Test worker] DEBUG net.thucydides.core.util.PropertiesFileLocalPreferences - serenity.use.unique.browser=true
13:22:29.121 [Test worker] DEBUG net.thucydides.core.util.PropertiesFileLocalPreferences - webdriver.timeouts.implicitlywait=10000
13:22:29.121 [Test worker] DEBUG net.thucydides.core.util.PropertiesFileLocalPreferences - serenity.browser.maximized=true
13:22:29.368 [Test worker] DEBUG net.thucydides.core.util.PropertiesFileLocalPreferences - LOADING LOCAL PROPERTIES FROM C:\EJERCICIOS_BOOTCAMP\Retos\ProyectoFinal_advantageonlineshopping\serenity.properties 
13:22:29.381 [Test worker] DEBUG net.thucydides.core.util.PropertiesFileLocalPreferences - LOADING LOCAL PROPERTIES FROM C:\EJERCICIOS_BOOTCAMP\Retos\ProyectoFinal_advantageonlineshopping\serenity.properties 
13:22:29.389 [Test worker] DEBUG net.thucydides.core.util.PropertiesFileLocalPreferences - LOADING LOCAL PROPERTIES FROM C:\EJERCICIOS_BOOTCAMP\Retos\ProyectoFinal_advantageonlineshopping\serenity.properties 
13:22:29.389 [Test worker] DEBUG net.thucydides.core.util.PropertiesFileLocalPreferences - webdriver.driver=chrome
13:22:29.389 [Test worker] DEBUG net.thucydides.core.util.PropertiesFileLocalPreferences - chrome.capabilities.incognito=true
13:22:29.389 [Test worker] DEBUG net.thucydides.core.util.PropertiesFileLocalPreferences - webdriver.chrome.driver=src/test/resources/drivers/chromedriver.exe
13:22:29.389 [Test worker] DEBUG net.thucydides.core.util.PropertiesFileLocalPreferences - chrome.capabilities.acceptSslCerts=true
13:22:29.389 [Test worker] DEBUG net.thucydides.core.util.PropertiesFileLocalPreferences - serenity.console.colors=true
13:22:29.389 [Test worker] DEBUG net.thucydides.core.util.PropertiesFileLocalPreferences - webdriver.base.url=https://advantageonlineshopping.com
13:22:29.389 [Test worker] DEBUG net.thucydides.core.util.PropertiesFileLocalPreferences - serenity.project.name=Dojo Serenity / Cucumber
13:22:29.391 [Test worker] DEBUG net.thucydides.core.util.PropertiesFileLocalPreferences - webdriver.wait.for.timeout=4000
13:22:29.391 [Test worker] DEBUG net.thucydides.core.util.PropertiesFileLocalPreferences - serenity.use.unique.browser=true
13:22:29.391 [Test worker] DEBUG net.thucydides.core.util.PropertiesFileLocalPreferences - webdriver.timeouts.implicitlywait=10000
13:22:29.392 [Test worker] DEBUG net.thucydides.core.util.PropertiesFileLocalPreferences - serenity.browser.maximized=true
13:22:29.393 [Test worker] INFO net.thucydides.core.steps.ConsoleLoggingListener - ?[96m

-------------------------------------------------------------------------------------
     _______. _______ .______       _______ .__   __.  __  .___________.____    ____ 
    /       ||   ____||   _  \     |   ____||  \ |  | |  | |           |\   \  /   / 
   |   (----`|  |__   |  |_)  |    |  |__   |   \|  | |  | `---|  |----` \   \/   /  
    \   \    |   __|  |      /     |   __|  |  . `  | |  |     |  |       \_    _/   
.----)   |   |  |____ |  |\  \----.|  |____ |  |\   | |  |     |  |         |  |     
|_______/    |_______|| _| `._____||_______||__| \__| |__|     |__|         |__|    
                                                                                     
 News and tutorials at http://www.serenity-bdd.info                                  
 Documentation at https://wakaleo.gitbooks.io/the-serenity-book/content/             
 Join the Serenity Community on Rocket Chat at https://serenity-bdd.rocket.chat      
 Serenity BDD Support and Training at http://serenity-bdd.info/#/trainingandsupport  
 Learn Serenity BDD online at http://serenity-dojo.com                               
-------------------------------------------------------------------------------------
?[0m
13:22:29.402 [Test worker] DEBUG net.thucydides.core.steps.StepEventBus - Test suite started for story net.thucydides.core.model.Story@c94e3a60
13:22:29.402 [Test worker] INFO net.thucydides.core.steps.ConsoleLoggingListener - Test Suite Started: Selección en línea de productos de tecnología
13:22:29.436 [Test worker] INFO net.thucydides.core.steps.ConsoleLoggingListener - 
 _____ _____ ____ _____   ____ _____  _    ____ _____ _____ ____  
|_   _| ____/ ___|_   _| / ___|_   _|/ \  |  _ \_   _| ____|  _ \ 
  | | |  _| \___ \ | |   \___ \ | | / _ \ | |_) || | |  _| | | | |
  | | | |___ ___) || |    ___) || |/ ___ \|  _ < | | | |___| |_| |
  |_| |_____|____/ |_|   |____/ |_/_/   \_\_| \_\|_| |_____|____/ 
                                                                  

TEST STARTED: La canasta de compras deberia mostrar los detalles del producto a comprar
-------------------------------------------------------------------(selección-en-línea-de-productos-de-tecnología;la-canasta-de-compras-deberia-mostrar-los-detalles-del-producto-a-comprar)
13:22:29.516 [Test worker] DEBUG net.thucydides.core.requirements.model.cucumber.CucumberParser - Found no Cucumber 4.2.6 class cucumber.runtime.model.FeatureLoader try Cucumber 4.2.0 
13:22:29.516 [Test worker] DEBUG net.thucydides.core.requirements.model.cucumber.CucumberParser - Found no Cucumber 4.2.0 class cucumber.runtime.model.FeatureLoader try Cucumber 2.x.x 
13:22:29.525 [Test worker] DEBUG net.thucydides.core.requirements.model.cucumber.CucumberParser - Found no Cucumber 4.2.6 class cucumber.runtime.model.FeatureLoader try Cucumber 4.2.0 
13:22:29.525 [Test worker] DEBUG net.thucydides.core.requirements.model.cucumber.CucumberParser - Found no Cucumber 4.2.0 class cucumber.runtime.model.FeatureLoader try Cucumber 2.x.x 
13:22:44.474 [Test worker] DEBUG net.thucydides.core.reports.ReportService - Reporting formats: [JSON, HTML]
13:22:44.535 [Test worker] DEBUG net.thucydides.core.reports.ReportService - Reporting formats: [JSON, HTML]
13:22:44.551 [Test worker] DEBUG net.thucydides.core.reports.ReportService - Generating reports for 1 test outcomes using: net.thucydides.core.reports.json.JSONTestOutcomeReporter@773887ac
13:22:44.551 [pool-1-thread-1] DEBUG net.thucydides.core.reports.ReportService - Processing test outcome Selección en línea de productos de tecnología:La canasta de compras deberia mostrar los detalles del producto a comprar
13:22:44.551 [pool-1-thread-1] DEBUG net.thucydides.core.reports.ReportService - net.thucydides.core.reports.json.JSONTestOutcomeReporter@773887ac: Generating report for test outcome: Selección en línea de productos de tecnología:La canasta de compras deberia mostrar los detalles del producto a comprar
13:22:44.551 [pool-1-thread-1] DEBUG net.thucydides.core.reports.json.JSONTestOutcomeReporter - Generating JSON report for La canasta de compras deberia mostrar los detalles del producto a comprar to file C:\EJERCICIOS_BOOTCAMP\Retos\ProyectoFinal_advantageonlineshopping\target\site\serenity\d57f2b7ed60e91ce881ddbcc02932e87894e531d028ab4e6ad8bbfe5353b2d66.json (using temp file C:\EJERCICIOS_BOOTCAMP\Retos\ProyectoFinal_advantageonlineshopping\target\site\serenity\d57f2b7ed60e91ce881ddbcc02932e87894e531d028ab4e6ad8bbfe5353b2d66.jsonbf767dd0-c0a7-474f-968e-b0152c5298aa)
13:22:44.603 [pool-1-thread-1] DEBUG net.thucydides.core.reports.ReportService - Processing test outcome Selección en línea de productos de tecnología:La canasta de compras deberia mostrar los detalles del producto a comprar done
13:22:44.603 [Test worker] DEBUG net.thucydides.core.reports.ReportService - Shutting down executor service
13:22:44.603 [Test worker] DEBUG net.thucydides.core.reports.ReportService - Reports generated in: 52 ms
13:22:44.603 [Test worker] DEBUG net.thucydides.core.reports.ReportService - Generating reports for 1 test outcomes using: net.thucydides.core.reports.html.HtmlAcceptanceTestReporter@1ce8afd8
13:22:44.619 [pool-2-thread-1] DEBUG net.thucydides.core.reports.ReportService - Processing test outcome Selección en línea de productos de tecnología:La canasta de compras deberia mostrar los detalles del producto a comprar
13:22:44.619 [pool-2-thread-1] DEBUG net.thucydides.core.reports.ReportService - net.thucydides.core.reports.html.HtmlAcceptanceTestReporter@1ce8afd8: Generating report for test outcome: Selección en línea de productos de tecnología:La canasta de compras deberia mostrar los detalles del producto a comprar
13:22:44.620 [pool-2-thread-1] DEBUG net.thucydides.core.reports.html.HtmlAcceptanceTestReporter - GENERATE TEST OUTCOME REPORT FOR La canasta de compras deberia mostrar los detalles del producto a comprar in d57f2b7ed60e91ce881ddbcc02932e87894e531d028ab4e6ad8bbfe5353b2d66
13:22:44.636 [pool-2-thread-1] DEBUG net.thucydides.core.requirements.model.cucumber.CucumberParser - Found no Cucumber 4.2.6 class cucumber.runtime.model.FeatureLoader try Cucumber 4.2.0 
13:22:44.636 [pool-2-thread-1] DEBUG net.thucydides.core.requirements.model.cucumber.CucumberParser - Found no Cucumber 4.2.0 class cucumber.runtime.model.FeatureLoader try Cucumber 2.x.x 
13:22:44.651 [pool-2-thread-1] DEBUG net.thucydides.core.requirements.model.cucumber.CucumberParser - Found no Cucumber 4.2.6 class cucumber.runtime.model.FeatureLoader try Cucumber 4.2.0 
13:22:44.651 [pool-2-thread-1] DEBUG net.thucydides.core.requirements.model.cucumber.CucumberParser - Found no Cucumber 4.2.0 class cucumber.runtime.model.FeatureLoader try Cucumber 2.x.x 
13:22:44.651 [pool-2-thread-1] DEBUG net.thucydides.core.requirements.RequirementsTagProvider -  found:[Requirement{name='Test advantageonlineshopping', type='capability' parent = 'null', cardNumber='null'}]
13:22:44.651 [pool-2-thread-1] DEBUG net.thucydides.core.requirements.BaseRequirementsService - Requirement found for test outcome La canasta de compras deberia mostrar los detalles del producto a comprar-[]: Optional[Requirement{name='Selección en línea de productos de tecnología', type='feature' parent = 'Test advantageonlineshopping', cardNumber='null'}]
13:22:44.651 [pool-2-thread-1] DEBUG net.thucydides.core.requirements.BaseRequirementsService - Requirement found for test outcome La canasta de compras deberia mostrar los detalles del producto a comprar-[]: Optional[Requirement{name='Selección en línea de productos de tecnología', type='feature' parent = 'Test advantageonlineshopping', cardNumber='null'}]
13:22:44.692 [pool-2-thread-1] DEBUG net.thucydides.core.requirements.BaseRequirementsService - Requirement found for test outcome La canasta de compras deberia mostrar los detalles del producto a comprar-[]: Optional[Requirement{name='Selección en línea de productos de tecnología', type='feature' parent = 'Test advantageonlineshopping', cardNumber='null'}]
13:22:44.692 [pool-2-thread-1] DEBUG net.thucydides.core.requirements.BaseRequirementsService - Requirement found for test outcome La canasta de compras deberia mostrar los detalles del producto a comprar-[]: Optional[Requirement{name='Selección en línea de productos de tecnología', type='feature' parent = 'Test advantageonlineshopping', cardNumber='null'}]
13:22:44.740 [pool-2-thread-1] DEBUG net.thucydides.core.reports.html.HtmlAcceptanceTestReporter - Generating report in d57f2b7ed60e91ce881ddbcc02932e87894e531d028ab4e6ad8bbfe5353b2d66_screenshots.html
13:22:45.144 [pool-2-thread-1] DEBUG net.thucydides.core.reports.html.HtmlAcceptanceTestReporter - Generated report d57f2b7ed60e91ce881ddbcc02932e87894e531d028ab4e6ad8bbfe5353b2d66_screenshots.html in 404 ms
13:22:45.144 [pool-2-thread-1] DEBUG net.thucydides.core.reports.html.HtmlAcceptanceTestReporter - GENERATING HTML REPORT FOR Selección en línea de productos de tecnología:La canasta de compras deberia mostrar los detalles del producto a comprar in d57f2b7ed60e91ce881ddbcc02932e87894e531d028ab4e6ad8bbfe5353b2d66.html in directory C:\EJERCICIOS_BOOTCAMP\Retos\ProyectoFinal_advantageonlineshopping\target\site\serenity  
13:22:45.144 [pool-2-thread-1] DEBUG net.thucydides.core.reports.html.HtmlAcceptanceTestReporter - Generating report in d57f2b7ed60e91ce881ddbcc02932e87894e531d028ab4e6ad8bbfe5353b2d66.html
13:22:45.263 [pool-2-thread-1] DEBUG net.thucydides.core.reports.html.HtmlAcceptanceTestReporter - Generated report d57f2b7ed60e91ce881ddbcc02932e87894e531d028ab4e6ad8bbfe5353b2d66.html in 119 ms
13:22:45.263 [pool-2-thread-1] DEBUG net.thucydides.core.reports.ReportService - Processing test outcome Selección en línea de productos de tecnología:La canasta de compras deberia mostrar los detalles del producto a comprar done
13:22:45.263 [Test worker] DEBUG net.thucydides.core.reports.ReportService - Shutting down executor service
13:22:45.263 [Test worker] DEBUG net.thucydides.core.reports.ReportService - Reports generated in: 660 ms
13:22:45.436 [Test worker] DEBUG net.serenitybdd.core.photography.Darkroom - Closing darkroom
13:22:45.436 [Darkroom Processing Line] DEBUG net.serenitybdd.core.photography.DarkroomProcessingLine - Darkroom processing line shutting down

1 Scenarios (?[32m1 passed?[0m)
3 Steps (?[32m3 passed?[0m)
0m15,190s

]]></system-out>
  <system-err><![CDATA[]]></system-err>
</testsuite>
