<?xml version="1.0" encoding="UTF-8"?>
<testsuite name="com.indra.runners.SelectArticuloRunners" tests="0" skipped="0" failures="0" errors="0" timestamp="1970-01-01T00:00:00" hostname="22LAP5CD1346NKF" time="0.0">
  <properties/>
  <system-out><![CDATA[17:34:30.700 [Test worker] DEBUG net.thucydides.core.util.PropertiesFileLocalPreferences - LOADING LOCAL PROPERTIES FROM C:\EJERCICIOS_BOOTCAMP\Retos\ProyectoFinal_advantageonlineshopping_3-4\serenity.properties 
17:34:31.067 [Test worker] DEBUG net.thucydides.core.util.PropertiesFileLocalPreferences - LOADING LOCAL PROPERTIES FROM C:\EJERCICIOS_BOOTCAMP\Retos\ProyectoFinal_advantageonlineshopping_3-4\serenity.properties 
17:34:31.070 [Test worker] DEBUG net.thucydides.core.util.PropertiesFileLocalPreferences - LOADING LOCAL PROPERTIES FROM C:\EJERCICIOS_BOOTCAMP\Retos\ProyectoFinal_advantageonlineshopping_3-4\serenity.properties 
17:34:31.092 [Test worker] DEBUG net.thucydides.core.util.PropertiesFileLocalPreferences - webdriver.driver=chrome
17:34:31.093 [Test worker] DEBUG net.thucydides.core.util.PropertiesFileLocalPreferences - chrome.capabilities.incognito=true
17:34:31.093 [Test worker] DEBUG net.thucydides.core.util.PropertiesFileLocalPreferences - webdriver.chrome.driver=src/test/resources/drivers/chromedriver.exe
17:34:31.093 [Test worker] DEBUG net.thucydides.core.util.PropertiesFileLocalPreferences - chrome.switches=--incognito
17:34:31.093 [Test worker] DEBUG net.thucydides.core.util.PropertiesFileLocalPreferences - chrome.capabilities.acceptSslCerts=true
17:34:31.094 [Test worker] DEBUG net.thucydides.core.util.PropertiesFileLocalPreferences - serenity.console.colors=true
17:34:31.094 [Test worker] DEBUG net.thucydides.core.util.PropertiesFileLocalPreferences - webdriver.base.url=https://advantageonlineshopping.com
17:34:31.094 [Test worker] DEBUG net.thucydides.core.util.PropertiesFileLocalPreferences - serenity.project.name=Dojo Serenity / Cucumber
17:34:31.095 [Test worker] DEBUG net.thucydides.core.util.PropertiesFileLocalPreferences - webdriver.wait.for.timeout=6000
17:34:31.095 [Test worker] DEBUG net.thucydides.core.util.PropertiesFileLocalPreferences - serenity.use.unique.browser=true
17:34:31.096 [Test worker] DEBUG net.thucydides.core.util.PropertiesFileLocalPreferences - webdriver.timeouts.implicitlywait=18000
17:34:31.096 [Test worker] DEBUG net.thucydides.core.util.PropertiesFileLocalPreferences - serenity.browser.maximized=true
17:34:31.654 [Test worker] DEBUG net.thucydides.core.util.PropertiesFileLocalPreferences - LOADING LOCAL PROPERTIES FROM C:\EJERCICIOS_BOOTCAMP\Retos\ProyectoFinal_advantageonlineshopping_3-4\serenity.properties 
17:34:31.901 [Test worker] DEBUG net.thucydides.core.util.PropertiesFileLocalPreferences - LOADING LOCAL PROPERTIES FROM C:\EJERCICIOS_BOOTCAMP\Retos\ProyectoFinal_advantageonlineshopping_3-4\serenity.properties 
17:34:31.903 [Test worker] DEBUG net.thucydides.core.util.PropertiesFileLocalPreferences - LOADING LOCAL PROPERTIES FROM C:\EJERCICIOS_BOOTCAMP\Retos\ProyectoFinal_advantageonlineshopping_3-4\serenity.properties 
17:34:31.905 [Test worker] DEBUG net.thucydides.core.util.PropertiesFileLocalPreferences - webdriver.driver=chrome
17:34:31.905 [Test worker] DEBUG net.thucydides.core.util.PropertiesFileLocalPreferences - chrome.capabilities.incognito=true
17:34:31.905 [Test worker] DEBUG net.thucydides.core.util.PropertiesFileLocalPreferences - webdriver.chrome.driver=src/test/resources/drivers/chromedriver.exe
17:34:31.905 [Test worker] DEBUG net.thucydides.core.util.PropertiesFileLocalPreferences - chrome.switches=--incognito
17:34:31.905 [Test worker] DEBUG net.thucydides.core.util.PropertiesFileLocalPreferences - chrome.capabilities.acceptSslCerts=true
17:34:31.905 [Test worker] DEBUG net.thucydides.core.util.PropertiesFileLocalPreferences - serenity.console.colors=true
17:34:31.906 [Test worker] DEBUG net.thucydides.core.util.PropertiesFileLocalPreferences - webdriver.base.url=https://advantageonlineshopping.com
17:34:31.906 [Test worker] DEBUG net.thucydides.core.util.PropertiesFileLocalPreferences - serenity.project.name=Dojo Serenity / Cucumber
17:34:31.906 [Test worker] DEBUG net.thucydides.core.util.PropertiesFileLocalPreferences - webdriver.wait.for.timeout=6000
17:34:31.907 [Test worker] DEBUG net.thucydides.core.util.PropertiesFileLocalPreferences - serenity.use.unique.browser=true
17:34:31.907 [Test worker] DEBUG net.thucydides.core.util.PropertiesFileLocalPreferences - webdriver.timeouts.implicitlywait=18000
17:34:31.907 [Test worker] DEBUG net.thucydides.core.util.PropertiesFileLocalPreferences - serenity.browser.maximized=true
17:34:31.917 [Test worker] INFO net.thucydides.core.steps.ConsoleLoggingListener - ?[96m

-------------------------------------------------------------------------------------
     _______. _______ .______       _______ .__   __.  __  .___________.____    ____ 
    /       ||   ____||   _  \     |   ____||  \ |  | |  | |           |\   \  /   / 
   |   (----`|  |__   |  |_)  |    |  |__   |   \|  | |  | `---|  |----` \   \/   /  
    \   \    |   __|  |      /     |   __|  |  . `  | |  |     |  |       \_    _/   
.----)   |   |  |____ |  |\  \----.|  |____ |  |\   | |  |     |  |         |  |     
|_______/    |_______|| _| `._____||_______||__| \__| |__|     |__|         |__|    
                                                                                     
 News and tutorials at http://www.serenity-bdd.info                                  
 Documentation at https://wakaleo.gitbooks.io/the-serenity-book/content/             
 Join the Serenity Community on Rocket Chat at https://serenity-bdd.rocket.chat      
 Serenity BDD Support and Training at http://serenity-bdd.info/#/trainingandsupport  
 Learn Serenity BDD online at http://serenity-dojo.com                               
-------------------------------------------------------------------------------------
?[0m
17:34:31.925 [Test worker] DEBUG net.thucydides.core.steps.StepEventBus - Test suite started for story net.thucydides.core.model.Story@c94e3a60
17:34:31.929 [Test worker] INFO net.thucydides.core.steps.ConsoleLoggingListener - Test Suite Started: Selección en línea de productos de tecnología
17:34:31.999 [Test worker] INFO net.thucydides.core.steps.ConsoleLoggingListener - 
 _____ _____ ____ _____   ____ _____  _    ____ _____ _____ ____  
|_   _| ____/ ___|_   _| / ___|_   _|/ \  |  _ \_   _| ____|  _ \ 
  | | |  _| \___ \ | |   \___ \ | | / _ \ | |_) || | |  _| | | | |
  | | | |___ ___) || |    ___) || |/ ___ \|  _ < | | | |___| |_| |
  |_| |_____|____/ |_|   |____/ |_/_/   \_\_| \_\|_| |_____|____/ 
                                                                  

TEST STARTED: Debe Seleccionar la categoria de cualquier producto de tecnologia
-------------------------------------------------------------------(selección-en-línea-de-productos-de-tecnología;debe-seleccionar-la-categoria-de-cualquier-producto-de-tecnologia)
17:34:32.200 [Test worker] DEBUG net.thucydides.core.requirements.model.cucumber.CucumberParser - Found no Cucumber 4.2.6 class cucumber.runtime.model.FeatureLoader try Cucumber 4.2.0 
17:34:32.201 [Test worker] DEBUG net.thucydides.core.requirements.model.cucumber.CucumberParser - Found no Cucumber 4.2.0 class cucumber.runtime.model.FeatureLoader try Cucumber 2.x.x 
17:34:32.220 [Test worker] DEBUG net.thucydides.core.requirements.model.cucumber.CucumberParser - Found no Cucumber 4.2.6 class cucumber.runtime.model.FeatureLoader try Cucumber 4.2.0 
17:34:32.221 [Test worker] DEBUG net.thucydides.core.requirements.model.cucumber.CucumberParser - Found no Cucumber 4.2.0 class cucumber.runtime.model.FeatureLoader try Cucumber 2.x.x 
17:34:55.722 [Test worker] INFO net.thucydides.core.steps.ConsoleLoggingListener - 
 _____ _____ ____ _____   ____ _____  _    ____ _____ _____ ____  
|_   _| ____/ ___|_   _| / ___|_   _|/ \  |  _ \_   _| ____|  _ \ 
  | | |  _| \___ \ | |   \___ \ | | / _ \ | |_) || | |  _| | | | |
  | | | |___ ___) || |    ___) || |/ ___ \|  _ < | | | |___| |_| |
  |_| |_____|____/ |_|   |____/ |_/_/   \_\_| \_\|_| |_____|____/ 
                                                                  

TEST STARTED: Debe vizualizar las diferentes vistas del articulo
-------------------------------------------------------------------(selección-en-línea-de-productos-de-tecnología;debe-vizualizar-las-diferentes-vistas-del-articulo)
17:35:16.883 [Test worker] INFO net.thucydides.core.steps.ConsoleLoggingListener - 
 _____ _____ ____ _____   ____ _____  _    ____ _____ _____ ____  
|_   _| ____/ ___|_   _| / ___|_   _|/ \  |  _ \_   _| ____|  _ \ 
  | | |  _| \___ \ | |   \___ \ | | / _ \ | |_) || | |  _| | | | |
  | | | |___ ___) || |    ___) || |/ ___ \|  _ < | | | |___| |_| |
  |_| |_____|____/ |_|   |____/ |_/_/   \_\_| \_\|_| |_____|____/ 
                                                                  

TEST STARTED: Debe permitir seleccionar el color del producto
-------------------------------------------------------------------(selección-en-línea-de-productos-de-tecnología;debe-permitir-seleccionar-el-color-del-producto)
17:35:38.652 [Test worker] INFO net.thucydides.core.steps.ConsoleLoggingListener - 
 _____ _____ ____ _____   ____ _____  _    ____ _____ _____ ____  
|_   _| ____/ ___|_   _| / ___|_   _|/ \  |  _ \_   _| ____|  _ \ 
  | | |  _| \___ \ | |   \___ \ | | / _ \ | |_) || | |  _| | | | |
  | | | |___ ___) || |    ___) || |/ ___ \|  _ < | | | |___| |_| |
  |_| |_____|____/ |_|   |____/ |_/_/   \_\_| \_\|_| |_____|____/ 
                                                                  

TEST STARTED: Debe permitir seleccionar la cantidad que se desea comprar
-------------------------------------------------------------------(selección-en-línea-de-productos-de-tecnología;debe-permitir-seleccionar-la-cantidad-que-se-desea-comprar)
17:36:00.739 [Test worker] INFO net.thucydides.core.steps.ConsoleLoggingListener - 
 _____ _____ ____ _____   ____ _____  _    ____ _____ _____ ____  
|_   _| ____/ ___|_   _| / ___|_   _|/ \  |  _ \_   _| ____|  _ \ 
  | | |  _| \___ \ | |   \___ \ | | / _ \ | |_) || | |  _| | | | |
  | | | |___ ___) || |    ___) || |/ ___ \|  _ < | | | |___| |_| |
  |_| |_____|____/ |_|   |____/ |_/_/   \_\_| \_\|_| |_____|____/ 
                                                                  

TEST STARTED: Debe vizualizar el boton ADD TO CART
-------------------------------------------------------------------(selección-en-línea-de-productos-de-tecnología;debe-vizualizar-el-boton-add-to-cart)
17:36:21.922 [Test worker] INFO net.thucydides.core.steps.ConsoleLoggingListener - 
 _____ _____ ____ _____   ____ _____  _    ____ _____ _____ ____  
|_   _| ____/ ___|_   _| / ___|_   _|/ \  |  _ \_   _| ____|  _ \ 
  | | |  _| \___ \ | |   \___ \ | | / _ \ | |_) || | |  _| | | | |
  | | | |___ ___) || |    ___) || |/ ___ \|  _ < | | | |___| |_| |
  |_| |_____|____/ |_|   |____/ |_/_/   \_\_| \_\|_| |_____|____/ 
                                                                  

TEST STARTED: Debe vizualizar las caracteristicas del producto
-------------------------------------------------------------------(selección-en-línea-de-productos-de-tecnología;debe-vizualizar-las-caracteristicas-del-producto)
17:36:43.536 [Test worker] INFO net.thucydides.core.steps.ConsoleLoggingListener - 
 _____ _____ ____ _____   ____ _____  _    ____ _____ _____ ____  
|_   _| ____/ ___|_   _| / ___|_   _|/ \  |  _ \_   _| ____|  _ \ 
  | | |  _| \___ \ | |   \___ \ | | / _ \ | |_) || | |  _| | | | |
  | | | |___ ___) || |    ___) || |/ ___ \|  _ < | | | |___| |_| |
  |_| |_____|____/ |_|   |____/ |_/_/   \_\_| \_\|_| |_____|____/ 
                                                                  

TEST STARTED: Debe poder adicionar productos al carrito de compras
-------------------------------------------------------------------(selección-en-línea-de-productos-de-tecnología;debe-poder-adicionar-productos-al-carrito-de-compras)
17:37:05.496 [Test worker] DEBUG net.thucydides.core.reports.ReportService - Reporting formats: [JSON, HTML]
17:37:05.611 [Test worker] DEBUG net.thucydides.core.reports.ReportService - Reporting formats: [JSON, HTML]
17:37:05.669 [Test worker] DEBUG net.thucydides.core.reports.ReportService - Generating reports for 7 test outcomes using: net.thucydides.core.reports.json.JSONTestOutcomeReporter@7edc7cf1
17:37:05.672 [pool-1-thread-3] DEBUG net.thucydides.core.reports.ReportService - Processing test outcome Selección en línea de productos de tecnología:Debe permitir seleccionar el color del producto
17:37:05.672 [pool-1-thread-4] DEBUG net.thucydides.core.reports.ReportService - Processing test outcome Selección en línea de productos de tecnología:Debe permitir seleccionar la cantidad que se desea comprar
17:37:05.672 [pool-1-thread-4] DEBUG net.thucydides.core.reports.ReportService - net.thucydides.core.reports.json.JSONTestOutcomeReporter@7edc7cf1: Generating report for test outcome: Selección en línea de productos de tecnología:Debe permitir seleccionar la cantidad que se desea comprar
17:37:05.672 [pool-1-thread-2] DEBUG net.thucydides.core.reports.ReportService - Processing test outcome Selección en línea de productos de tecnología:Debe vizualizar las diferentes vistas del articulo
17:37:05.673 [pool-1-thread-2] DEBUG net.thucydides.core.reports.ReportService - net.thucydides.core.reports.json.JSONTestOutcomeReporter@7edc7cf1: Generating report for test outcome: Selección en línea de productos de tecnología:Debe vizualizar las diferentes vistas del articulo
17:37:05.673 [pool-1-thread-7] DEBUG net.thucydides.core.reports.ReportService - Processing test outcome Selección en línea de productos de tecnología:Debe poder adicionar productos al carrito de compras
17:37:05.673 [pool-1-thread-7] DEBUG net.thucydides.core.reports.ReportService - net.thucydides.core.reports.json.JSONTestOutcomeReporter@7edc7cf1: Generating report for test outcome: Selección en línea de productos de tecnología:Debe poder adicionar productos al carrito de compras
17:37:05.672 [pool-1-thread-1] DEBUG net.thucydides.core.reports.ReportService - Processing test outcome Selección en línea de productos de tecnología:Debe Seleccionar la categoria de cualquier producto de tecnologia
17:37:05.673 [pool-1-thread-1] DEBUG net.thucydides.core.reports.ReportService - net.thucydides.core.reports.json.JSONTestOutcomeReporter@7edc7cf1: Generating report for test outcome: Selección en línea de productos de tecnología:Debe Seleccionar la categoria de cualquier producto de tecnologia
17:37:05.672 [pool-1-thread-3] DEBUG net.thucydides.core.reports.ReportService - net.thucydides.core.reports.json.JSONTestOutcomeReporter@7edc7cf1: Generating report for test outcome: Selección en línea de productos de tecnología:Debe permitir seleccionar el color del producto
17:37:05.673 [pool-1-thread-5] DEBUG net.thucydides.core.reports.ReportService - Processing test outcome Selección en línea de productos de tecnología:Debe vizualizar el boton ADD TO CART
17:37:05.674 [pool-1-thread-5] DEBUG net.thucydides.core.reports.ReportService - net.thucydides.core.reports.json.JSONTestOutcomeReporter@7edc7cf1: Generating report for test outcome: Selección en línea de productos de tecnología:Debe vizualizar el boton ADD TO CART
17:37:05.673 [pool-1-thread-6] DEBUG net.thucydides.core.reports.ReportService - Processing test outcome Selección en línea de productos de tecnología:Debe vizualizar las caracteristicas del producto
17:37:05.674 [pool-1-thread-6] DEBUG net.thucydides.core.reports.ReportService - net.thucydides.core.reports.json.JSONTestOutcomeReporter@7edc7cf1: Generating report for test outcome: Selección en línea de productos de tecnología:Debe vizualizar las caracteristicas del producto
17:37:05.684 [pool-1-thread-7] DEBUG net.thucydides.core.reports.json.JSONTestOutcomeReporter - Generating JSON report for Debe poder adicionar productos al carrito de compras to file C:\EJERCICIOS_BOOTCAMP\Retos\ProyectoFinal_advantageonlineshopping_3-4\target\site\serenity\0659f97b4a5734339039859f3940540c99d74f5677604f98cf7c80893fbb41fa.json (using temp file C:\EJERCICIOS_BOOTCAMP\Retos\ProyectoFinal_advantageonlineshopping_3-4\target\site\serenity\0659f97b4a5734339039859f3940540c99d74f5677604f98cf7c80893fbb41fa.json4ab734ed-6f9b-4805-b051-e00feeccf282)
17:37:05.684 [pool-1-thread-3] DEBUG net.thucydides.core.reports.json.JSONTestOutcomeReporter - Generating JSON report for Debe permitir seleccionar el color del producto to file C:\EJERCICIOS_BOOTCAMP\Retos\ProyectoFinal_advantageonlineshopping_3-4\target\site\serenity\992d23ec793f4440da39865eff60a2127efeedb5e0e3444f66e5cf270f182399.json (using temp file C:\EJERCICIOS_BOOTCAMP\Retos\ProyectoFinal_advantageonlineshopping_3-4\target\site\serenity\992d23ec793f4440da39865eff60a2127efeedb5e0e3444f66e5cf270f182399.json3263d62d-5398-4e8e-a965-38c18742e62a)
17:37:05.684 [pool-1-thread-5] DEBUG net.thucydides.core.reports.json.JSONTestOutcomeReporter - Generating JSON report for Debe vizualizar el boton ADD TO CART to file C:\EJERCICIOS_BOOTCAMP\Retos\ProyectoFinal_advantageonlineshopping_3-4\target\site\serenity\e0bc33e07db7d626e7894da5b392656c6054da3593cc1113cc96e82d297a4fca.json (using temp file C:\EJERCICIOS_BOOTCAMP\Retos\ProyectoFinal_advantageonlineshopping_3-4\target\site\serenity\e0bc33e07db7d626e7894da5b392656c6054da3593cc1113cc96e82d297a4fca.jsondd790ff9-58f7-41b2-b785-ef2b823faedc)
17:37:05.684 [pool-1-thread-2] DEBUG net.thucydides.core.reports.json.JSONTestOutcomeReporter - Generating JSON report for Debe vizualizar las diferentes vistas del articulo to file C:\EJERCICIOS_BOOTCAMP\Retos\ProyectoFinal_advantageonlineshopping_3-4\target\site\serenity\227f7394a7e3d5a5db769d4b72c39706e66a9e5339f33eca00afdefd372ed2f2.json (using temp file C:\EJERCICIOS_BOOTCAMP\Retos\ProyectoFinal_advantageonlineshopping_3-4\target\site\serenity\227f7394a7e3d5a5db769d4b72c39706e66a9e5339f33eca00afdefd372ed2f2.jsonf22571c1-1df4-4cdd-b817-6ccad4a6ffab)
17:37:05.684 [pool-1-thread-4] DEBUG net.thucydides.core.reports.json.JSONTestOutcomeReporter - Generating JSON report for Debe permitir seleccionar la cantidad que se desea comprar to file C:\EJERCICIOS_BOOTCAMP\Retos\ProyectoFinal_advantageonlineshopping_3-4\target\site\serenity\9c5c0d7c42025648601b39476da95637a7c32e1959bcc684fc3acd83ead25e16.json (using temp file C:\EJERCICIOS_BOOTCAMP\Retos\ProyectoFinal_advantageonlineshopping_3-4\target\site\serenity\9c5c0d7c42025648601b39476da95637a7c32e1959bcc684fc3acd83ead25e16.jsond7da7b17-bc1d-487d-9cf1-47c0aefc8a24)
17:37:05.684 [pool-1-thread-1] DEBUG net.thucydides.core.reports.json.JSONTestOutcomeReporter - Generating JSON report for Debe Seleccionar la categoria de cualquier producto de tecnologia to file C:\EJERCICIOS_BOOTCAMP\Retos\ProyectoFinal_advantageonlineshopping_3-4\target\site\serenity\b8a67a0dfe9229250fd29bd2b5334259b5ce41c6a62d566cb4b8470694d327d9.json (using temp file C:\EJERCICIOS_BOOTCAMP\Retos\ProyectoFinal_advantageonlineshopping_3-4\target\site\serenity\b8a67a0dfe9229250fd29bd2b5334259b5ce41c6a62d566cb4b8470694d327d9.json058296f4-e689-424d-ba99-9ed74e93c4b7)
17:37:05.684 [pool-1-thread-6] DEBUG net.thucydides.core.reports.json.JSONTestOutcomeReporter - Generating JSON report for Debe vizualizar las caracteristicas del producto to file C:\EJERCICIOS_BOOTCAMP\Retos\ProyectoFinal_advantageonlineshopping_3-4\target\site\serenity\2351777a5d68e9806776684355b6a01862d39601cb69a58c47d500ce39f9c252.json (using temp file C:\EJERCICIOS_BOOTCAMP\Retos\ProyectoFinal_advantageonlineshopping_3-4\target\site\serenity\2351777a5d68e9806776684355b6a01862d39601cb69a58c47d500ce39f9c252.json4eef274a-c4f2-4fcb-8440-c96259d767cd)
17:37:05.856 [pool-1-thread-1] DEBUG net.thucydides.core.reports.ReportService - Processing test outcome Selección en línea de productos de tecnología:Debe Seleccionar la categoria de cualquier producto de tecnologia done
17:37:05.859 [pool-1-thread-7] DEBUG net.thucydides.core.reports.ReportService - Processing test outcome Selección en línea de productos de tecnología:Debe poder adicionar productos al carrito de compras done
17:37:05.860 [pool-1-thread-4] DEBUG net.thucydides.core.reports.ReportService - Processing test outcome Selección en línea de productos de tecnología:Debe permitir seleccionar la cantidad que se desea comprar done
17:37:05.864 [pool-1-thread-6] DEBUG net.thucydides.core.reports.ReportService - Processing test outcome Selección en línea de productos de tecnología:Debe vizualizar las caracteristicas del producto done
17:37:05.866 [pool-1-thread-5] DEBUG net.thucydides.core.reports.ReportService - Processing test outcome Selección en línea de productos de tecnología:Debe vizualizar el boton ADD TO CART done
17:37:05.866 [pool-1-thread-2] DEBUG net.thucydides.core.reports.ReportService - Processing test outcome Selección en línea de productos de tecnología:Debe vizualizar las diferentes vistas del articulo done
17:37:05.874 [pool-1-thread-3] DEBUG net.thucydides.core.reports.ReportService - Processing test outcome Selección en línea de productos de tecnología:Debe permitir seleccionar el color del producto done
17:37:05.874 [Test worker] DEBUG net.thucydides.core.reports.ReportService - Shutting down executor service
17:37:05.876 [Test worker] DEBUG net.thucydides.core.reports.ReportService - Reports generated in: 206 ms
17:37:05.876 [Test worker] DEBUG net.thucydides.core.reports.ReportService - Generating reports for 7 test outcomes using: net.thucydides.core.reports.html.HtmlAcceptanceTestReporter@1fe58eda
17:37:05.879 [pool-2-thread-1] DEBUG net.thucydides.core.reports.ReportService - Processing test outcome Selección en línea de productos de tecnología:Debe Seleccionar la categoria de cualquier producto de tecnologia
17:37:05.879 [pool-2-thread-1] DEBUG net.thucydides.core.reports.ReportService - net.thucydides.core.reports.html.HtmlAcceptanceTestReporter@1fe58eda: Generating report for test outcome: Selección en línea de productos de tecnología:Debe Seleccionar la categoria de cualquier producto de tecnologia
17:37:05.879 [pool-2-thread-2] DEBUG net.thucydides.core.reports.ReportService - Processing test outcome Selección en línea de productos de tecnología:Debe vizualizar las diferentes vistas del articulo
17:37:05.879 [pool-2-thread-2] DEBUG net.thucydides.core.reports.ReportService - net.thucydides.core.reports.html.HtmlAcceptanceTestReporter@1fe58eda: Generating report for test outcome: Selección en línea de productos de tecnología:Debe vizualizar las diferentes vistas del articulo
17:37:05.879 [pool-2-thread-1] DEBUG net.thucydides.core.reports.html.HtmlAcceptanceTestReporter - GENERATE TEST OUTCOME REPORT FOR Debe Seleccionar la categoria de cualquier producto de tecnologia in b8a67a0dfe9229250fd29bd2b5334259b5ce41c6a62d566cb4b8470694d327d9
17:37:05.879 [pool-2-thread-3] DEBUG net.thucydides.core.reports.ReportService - Processing test outcome Selección en línea de productos de tecnología:Debe permitir seleccionar el color del producto
17:37:05.880 [pool-2-thread-3] DEBUG net.thucydides.core.reports.ReportService - net.thucydides.core.reports.html.HtmlAcceptanceTestReporter@1fe58eda: Generating report for test outcome: Selección en línea de productos de tecnología:Debe permitir seleccionar el color del producto
17:37:05.880 [pool-2-thread-4] DEBUG net.thucydides.core.reports.ReportService - Processing test outcome Selección en línea de productos de tecnología:Debe permitir seleccionar la cantidad que se desea comprar
17:37:05.880 [pool-2-thread-4] DEBUG net.thucydides.core.reports.ReportService - net.thucydides.core.reports.html.HtmlAcceptanceTestReporter@1fe58eda: Generating report for test outcome: Selección en línea de productos de tecnología:Debe permitir seleccionar la cantidad que se desea comprar
17:37:05.880 [pool-2-thread-3] DEBUG net.thucydides.core.reports.html.HtmlAcceptanceTestReporter - GENERATE TEST OUTCOME REPORT FOR Debe permitir seleccionar el color del producto in 992d23ec793f4440da39865eff60a2127efeedb5e0e3444f66e5cf270f182399
17:37:05.880 [pool-2-thread-4] DEBUG net.thucydides.core.reports.html.HtmlAcceptanceTestReporter - GENERATE TEST OUTCOME REPORT FOR Debe permitir seleccionar la cantidad que se desea comprar in 9c5c0d7c42025648601b39476da95637a7c32e1959bcc684fc3acd83ead25e16
17:37:05.880 [pool-2-thread-7] DEBUG net.thucydides.core.reports.ReportService - Processing test outcome Selección en línea de productos de tecnología:Debe poder adicionar productos al carrito de compras
17:37:05.880 [pool-2-thread-7] DEBUG net.thucydides.core.reports.ReportService - net.thucydides.core.reports.html.HtmlAcceptanceTestReporter@1fe58eda: Generating report for test outcome: Selección en línea de productos de tecnología:Debe poder adicionar productos al carrito de compras
17:37:05.881 [pool-2-thread-7] DEBUG net.thucydides.core.reports.html.HtmlAcceptanceTestReporter - GENERATE TEST OUTCOME REPORT FOR Debe poder adicionar productos al carrito de compras in 0659f97b4a5734339039859f3940540c99d74f5677604f98cf7c80893fbb41fa
17:37:05.881 [pool-2-thread-2] DEBUG net.thucydides.core.reports.html.HtmlAcceptanceTestReporter - GENERATE TEST OUTCOME REPORT FOR Debe vizualizar las diferentes vistas del articulo in 227f7394a7e3d5a5db769d4b72c39706e66a9e5339f33eca00afdefd372ed2f2
17:37:05.882 [pool-2-thread-6] DEBUG net.thucydides.core.reports.ReportService - Processing test outcome Selección en línea de productos de tecnología:Debe vizualizar las caracteristicas del producto
17:37:05.882 [pool-2-thread-6] DEBUG net.thucydides.core.reports.ReportService - net.thucydides.core.reports.html.HtmlAcceptanceTestReporter@1fe58eda: Generating report for test outcome: Selección en línea de productos de tecnología:Debe vizualizar las caracteristicas del producto
17:37:05.882 [pool-2-thread-6] DEBUG net.thucydides.core.reports.html.HtmlAcceptanceTestReporter - GENERATE TEST OUTCOME REPORT FOR Debe vizualizar las caracteristicas del producto in 2351777a5d68e9806776684355b6a01862d39601cb69a58c47d500ce39f9c252
17:37:05.884 [pool-2-thread-5] DEBUG net.thucydides.core.reports.ReportService - Processing test outcome Selección en línea de productos de tecnología:Debe vizualizar el boton ADD TO CART
17:37:05.884 [pool-2-thread-5] DEBUG net.thucydides.core.reports.ReportService - net.thucydides.core.reports.html.HtmlAcceptanceTestReporter@1fe58eda: Generating report for test outcome: Selección en línea de productos de tecnología:Debe vizualizar el boton ADD TO CART
17:37:05.885 [pool-2-thread-5] DEBUG net.thucydides.core.reports.html.HtmlAcceptanceTestReporter - GENERATE TEST OUTCOME REPORT FOR Debe vizualizar el boton ADD TO CART in e0bc33e07db7d626e7894da5b392656c6054da3593cc1113cc96e82d297a4fca
17:37:06.052 [pool-2-thread-2] DEBUG net.thucydides.core.requirements.model.cucumber.CucumberParser - Found no Cucumber 4.2.6 class cucumber.runtime.model.FeatureLoader try Cucumber 4.2.0 
17:37:06.053 [pool-2-thread-2] DEBUG net.thucydides.core.requirements.model.cucumber.CucumberParser - Found no Cucumber 4.2.0 class cucumber.runtime.model.FeatureLoader try Cucumber 2.x.x 
17:37:06.054 [pool-2-thread-1] DEBUG net.thucydides.core.requirements.model.cucumber.CucumberParser - Found no Cucumber 4.2.6 class cucumber.runtime.model.FeatureLoader try Cucumber 4.2.0 
17:37:06.056 [pool-2-thread-1] DEBUG net.thucydides.core.requirements.model.cucumber.CucumberParser - Found no Cucumber 4.2.0 class cucumber.runtime.model.FeatureLoader try Cucumber 2.x.x 
17:37:06.057 [pool-2-thread-6] DEBUG net.thucydides.core.requirements.model.cucumber.CucumberParser - Found no Cucumber 4.2.6 class cucumber.runtime.model.FeatureLoader try Cucumber 4.2.0 
17:37:06.058 [pool-2-thread-6] DEBUG net.thucydides.core.requirements.model.cucumber.CucumberParser - Found no Cucumber 4.2.0 class cucumber.runtime.model.FeatureLoader try Cucumber 2.x.x 
17:37:06.065 [pool-2-thread-5] DEBUG net.thucydides.core.requirements.model.cucumber.CucumberParser - Found no Cucumber 4.2.6 class cucumber.runtime.model.FeatureLoader try Cucumber 4.2.0 
17:37:06.067 [pool-2-thread-5] DEBUG net.thucydides.core.requirements.model.cucumber.CucumberParser - Found no Cucumber 4.2.0 class cucumber.runtime.model.FeatureLoader try Cucumber 2.x.x 
17:37:06.070 [pool-2-thread-1] DEBUG net.thucydides.core.requirements.model.cucumber.CucumberParser - Found no Cucumber 4.2.6 class cucumber.runtime.model.FeatureLoader try Cucumber 4.2.0 
17:37:06.072 [pool-2-thread-1] DEBUG net.thucydides.core.requirements.model.cucumber.CucumberParser - Found no Cucumber 4.2.0 class cucumber.runtime.model.FeatureLoader try Cucumber 2.x.x 
17:37:06.080 [pool-2-thread-1] DEBUG net.thucydides.core.requirements.RequirementsTagProvider -  found:[Requirement{name='Test advantageonlineshopping', type='capability' parent = 'null', cardNumber='null'}]
17:37:06.082 [pool-2-thread-6] DEBUG net.thucydides.core.requirements.model.cucumber.CucumberParser - Found no Cucumber 4.2.6 class cucumber.runtime.model.FeatureLoader try Cucumber 4.2.0 
17:37:06.082 [pool-2-thread-2] DEBUG net.thucydides.core.requirements.model.cucumber.CucumberParser - Found no Cucumber 4.2.6 class cucumber.runtime.model.FeatureLoader try Cucumber 4.2.0 
17:37:06.083 [pool-2-thread-6] DEBUG net.thucydides.core.requirements.model.cucumber.CucumberParser - Found no Cucumber 4.2.0 class cucumber.runtime.model.FeatureLoader try Cucumber 2.x.x 
17:37:06.084 [pool-2-thread-2] DEBUG net.thucydides.core.requirements.model.cucumber.CucumberParser - Found no Cucumber 4.2.0 class cucumber.runtime.model.FeatureLoader try Cucumber 2.x.x 
17:37:06.087 [pool-2-thread-5] DEBUG net.thucydides.core.requirements.model.cucumber.CucumberParser - Found no Cucumber 4.2.6 class cucumber.runtime.model.FeatureLoader try Cucumber 4.2.0 
17:37:06.088 [pool-2-thread-5] DEBUG net.thucydides.core.requirements.model.cucumber.CucumberParser - Found no Cucumber 4.2.0 class cucumber.runtime.model.FeatureLoader try Cucumber 2.x.x 
17:37:06.090 [pool-2-thread-2] DEBUG net.thucydides.core.requirements.RequirementsTagProvider -  found:[Requirement{name='Test advantageonlineshopping', type='capability' parent = 'null', cardNumber='null'}]
17:37:06.095 [pool-2-thread-5] DEBUG net.thucydides.core.requirements.RequirementsTagProvider -  found:[Requirement{name='Test advantageonlineshopping', type='capability' parent = 'null', cardNumber='null'}]
17:37:06.100 [pool-2-thread-3] DEBUG net.thucydides.core.requirements.model.cucumber.CucumberParser - Found no Cucumber 4.2.6 class cucumber.runtime.model.FeatureLoader try Cucumber 4.2.0 
17:37:06.101 [pool-2-thread-3] DEBUG net.thucydides.core.requirements.model.cucumber.CucumberParser - Found no Cucumber 4.2.0 class cucumber.runtime.model.FeatureLoader try Cucumber 2.x.x 
17:37:06.108 [pool-2-thread-7] DEBUG net.thucydides.core.requirements.model.cucumber.CucumberParser - Found no Cucumber 4.2.6 class cucumber.runtime.model.FeatureLoader try Cucumber 4.2.0 
17:37:06.112 [pool-2-thread-7] DEBUG net.thucydides.core.requirements.model.cucumber.CucumberParser - Found no Cucumber 4.2.0 class cucumber.runtime.model.FeatureLoader try Cucumber 2.x.x 
17:37:06.108 [pool-2-thread-6] DEBUG net.thucydides.core.requirements.RequirementsTagProvider -  found:[Requirement{name='Test advantageonlineshopping', type='capability' parent = 'null', cardNumber='null'}]
17:37:06.123 [pool-2-thread-7] DEBUG net.thucydides.core.requirements.model.cucumber.CucumberParser - Found no Cucumber 4.2.6 class cucumber.runtime.model.FeatureLoader try Cucumber 4.2.0 
17:37:06.125 [pool-2-thread-7] DEBUG net.thucydides.core.requirements.model.cucumber.CucumberParser - Found no Cucumber 4.2.0 class cucumber.runtime.model.FeatureLoader try Cucumber 2.x.x 
17:37:06.127 [pool-2-thread-3] DEBUG net.thucydides.core.requirements.model.cucumber.CucumberParser - Found no Cucumber 4.2.6 class cucumber.runtime.model.FeatureLoader try Cucumber 4.2.0 
17:37:06.128 [pool-2-thread-3] DEBUG net.thucydides.core.requirements.model.cucumber.CucumberParser - Found no Cucumber 4.2.0 class cucumber.runtime.model.FeatureLoader try Cucumber 2.x.x 
17:37:06.137 [pool-2-thread-4] DEBUG net.thucydides.core.requirements.model.cucumber.CucumberParser - Found no Cucumber 4.2.6 class cucumber.runtime.model.FeatureLoader try Cucumber 4.2.0 
17:37:06.137 [pool-2-thread-3] DEBUG net.thucydides.core.requirements.RequirementsTagProvider -  found:[Requirement{name='Test advantageonlineshopping', type='capability' parent = 'null', cardNumber='null'}]
17:37:06.138 [pool-2-thread-4] DEBUG net.thucydides.core.requirements.model.cucumber.CucumberParser - Found no Cucumber 4.2.0 class cucumber.runtime.model.FeatureLoader try Cucumber 2.x.x 
17:37:06.139 [pool-2-thread-7] DEBUG net.thucydides.core.requirements.RequirementsTagProvider -  found:[Requirement{name='Test advantageonlineshopping', type='capability' parent = 'null', cardNumber='null'}]
17:37:06.147 [pool-2-thread-4] DEBUG net.thucydides.core.requirements.model.cucumber.CucumberParser - Found no Cucumber 4.2.6 class cucumber.runtime.model.FeatureLoader try Cucumber 4.2.0 
17:37:06.148 [pool-2-thread-4] DEBUG net.thucydides.core.requirements.model.cucumber.CucumberParser - Found no Cucumber 4.2.0 class cucumber.runtime.model.FeatureLoader try Cucumber 2.x.x 
17:37:06.154 [pool-2-thread-4] DEBUG net.thucydides.core.requirements.RequirementsTagProvider -  found:[Requirement{name='Test advantageonlineshopping', type='capability' parent = 'null', cardNumber='null'}]
17:37:06.168 [pool-2-thread-4] DEBUG net.thucydides.core.requirements.BaseRequirementsService - Requirement found for test outcome Debe permitir seleccionar la cantidad que se desea comprar-[]: Optional[Requirement{name='Selección en línea de productos de tecnología', type='feature' parent = 'Test advantageonlineshopping', cardNumber='null'}]
17:37:06.168 [pool-2-thread-6] DEBUG net.thucydides.core.requirements.BaseRequirementsService - Requirement found for test outcome Debe vizualizar las caracteristicas del producto-[]: Optional[Requirement{name='Selección en línea de productos de tecnología', type='feature' parent = 'Test advantageonlineshopping', cardNumber='null'}]
17:37:06.169 [pool-2-thread-1] DEBUG net.thucydides.core.requirements.BaseRequirementsService - Requirement found for test outcome Debe Seleccionar la categoria de cualquier producto de tecnologia-[]: Optional[Requirement{name='Selección en línea de productos de tecnología', type='feature' parent = 'Test advantageonlineshopping', cardNumber='null'}]
17:37:06.169 [pool-2-thread-7] DEBUG net.thucydides.core.requirements.BaseRequirementsService - Requirement found for test outcome Debe poder adicionar productos al carrito de compras-[]: Optional[Requirement{name='Selección en línea de productos de tecnología', type='feature' parent = 'Test advantageonlineshopping', cardNumber='null'}]
17:37:06.170 [pool-2-thread-2] DEBUG net.thucydides.core.requirements.BaseRequirementsService - Requirement found for test outcome Debe vizualizar las diferentes vistas del articulo-[]: Optional[Requirement{name='Selección en línea de productos de tecnología', type='feature' parent = 'Test advantageonlineshopping', cardNumber='null'}]
17:37:06.170 [pool-2-thread-5] DEBUG net.thucydides.core.requirements.BaseRequirementsService - Requirement found for test outcome Debe vizualizar el boton ADD TO CART-[]: Optional[Requirement{name='Selección en línea de productos de tecnología', type='feature' parent = 'Test advantageonlineshopping', cardNumber='null'}]
17:37:06.171 [pool-2-thread-3] DEBUG net.thucydides.core.requirements.BaseRequirementsService - Requirement found for test outcome Debe permitir seleccionar el color del producto-[]: Optional[Requirement{name='Selección en línea de productos de tecnología', type='feature' parent = 'Test advantageonlineshopping', cardNumber='null'}]
17:37:06.174 [pool-2-thread-4] DEBUG net.thucydides.core.requirements.BaseRequirementsService - Requirement found for test outcome Debe permitir seleccionar la cantidad que se desea comprar-[]: Optional[Requirement{name='Selección en línea de productos de tecnología', type='feature' parent = 'Test advantageonlineshopping', cardNumber='null'}]
17:37:06.174 [pool-2-thread-6] DEBUG net.thucydides.core.requirements.BaseRequirementsService - Requirement found for test outcome Debe vizualizar las caracteristicas del producto-[]: Optional[Requirement{name='Selección en línea de productos de tecnología', type='feature' parent = 'Test advantageonlineshopping', cardNumber='null'}]
17:37:06.174 [pool-2-thread-1] DEBUG net.thucydides.core.requirements.BaseRequirementsService - Requirement found for test outcome Debe Seleccionar la categoria de cualquier producto de tecnologia-[]: Optional[Requirement{name='Selección en línea de productos de tecnología', type='feature' parent = 'Test advantageonlineshopping', cardNumber='null'}]
17:37:06.175 [pool-2-thread-2] DEBUG net.thucydides.core.requirements.BaseRequirementsService - Requirement found for test outcome Debe vizualizar las diferentes vistas del articulo-[]: Optional[Requirement{name='Selección en línea de productos de tecnología', type='feature' parent = 'Test advantageonlineshopping', cardNumber='null'}]
17:37:06.175 [pool-2-thread-7] DEBUG net.thucydides.core.requirements.BaseRequirementsService - Requirement found for test outcome Debe poder adicionar productos al carrito de compras-[]: Optional[Requirement{name='Selección en línea de productos de tecnología', type='feature' parent = 'Test advantageonlineshopping', cardNumber='null'}]
17:37:06.176 [pool-2-thread-3] DEBUG net.thucydides.core.requirements.BaseRequirementsService - Requirement found for test outcome Debe permitir seleccionar el color del producto-[]: Optional[Requirement{name='Selección en línea de productos de tecnología', type='feature' parent = 'Test advantageonlineshopping', cardNumber='null'}]
17:37:06.176 [pool-2-thread-5] DEBUG net.thucydides.core.requirements.BaseRequirementsService - Requirement found for test outcome Debe vizualizar el boton ADD TO CART-[]: Optional[Requirement{name='Selección en línea de productos de tecnología', type='feature' parent = 'Test advantageonlineshopping', cardNumber='null'}]
17:37:06.267 [pool-2-thread-3] DEBUG net.thucydides.core.requirements.BaseRequirementsService - Requirement found for test outcome Debe permitir seleccionar el color del producto-[]: Optional[Requirement{name='Selección en línea de productos de tecnología', type='feature' parent = 'Test advantageonlineshopping', cardNumber='null'}]
17:37:06.267 [pool-2-thread-4] DEBUG net.thucydides.core.requirements.BaseRequirementsService - Requirement found for test outcome Debe permitir seleccionar la cantidad que se desea comprar-[]: Optional[Requirement{name='Selección en línea de productos de tecnología', type='feature' parent = 'Test advantageonlineshopping', cardNumber='null'}]
17:37:06.269 [pool-2-thread-3] DEBUG net.thucydides.core.requirements.BaseRequirementsService - Requirement found for test outcome Debe permitir seleccionar el color del producto-[]: Optional[Requirement{name='Selección en línea de productos de tecnología', type='feature' parent = 'Test advantageonlineshopping', cardNumber='null'}]
17:37:06.269 [pool-2-thread-4] DEBUG net.thucydides.core.requirements.BaseRequirementsService - Requirement found for test outcome Debe permitir seleccionar la cantidad que se desea comprar-[]: Optional[Requirement{name='Selección en línea de productos de tecnología', type='feature' parent = 'Test advantageonlineshopping', cardNumber='null'}]
17:37:06.283 [pool-2-thread-1] DEBUG net.thucydides.core.requirements.BaseRequirementsService - Requirement found for test outcome Debe Seleccionar la categoria de cualquier producto de tecnologia-[]: Optional[Requirement{name='Selección en línea de productos de tecnología', type='feature' parent = 'Test advantageonlineshopping', cardNumber='null'}]
17:37:06.285 [pool-2-thread-1] DEBUG net.thucydides.core.requirements.BaseRequirementsService - Requirement found for test outcome Debe Seleccionar la categoria de cualquier producto de tecnologia-[]: Optional[Requirement{name='Selección en línea de productos de tecnología', type='feature' parent = 'Test advantageonlineshopping', cardNumber='null'}]
17:37:06.287 [pool-2-thread-6] DEBUG net.thucydides.core.requirements.BaseRequirementsService - Requirement found for test outcome Debe vizualizar las caracteristicas del producto-[]: Optional[Requirement{name='Selección en línea de productos de tecnología', type='feature' parent = 'Test advantageonlineshopping', cardNumber='null'}]
17:37:06.289 [pool-2-thread-6] DEBUG net.thucydides.core.requirements.BaseRequirementsService - Requirement found for test outcome Debe vizualizar las caracteristicas del producto-[]: Optional[Requirement{name='Selección en línea de productos de tecnología', type='feature' parent = 'Test advantageonlineshopping', cardNumber='null'}]
17:37:06.291 [pool-2-thread-2] DEBUG net.thucydides.core.requirements.BaseRequirementsService - Requirement found for test outcome Debe vizualizar las diferentes vistas del articulo-[]: Optional[Requirement{name='Selección en línea de productos de tecnología', type='feature' parent = 'Test advantageonlineshopping', cardNumber='null'}]
17:37:06.293 [pool-2-thread-2] DEBUG net.thucydides.core.requirements.BaseRequirementsService - Requirement found for test outcome Debe vizualizar las diferentes vistas del articulo-[]: Optional[Requirement{name='Selección en línea de productos de tecnología', type='feature' parent = 'Test advantageonlineshopping', cardNumber='null'}]
17:37:06.299 [pool-2-thread-5] DEBUG net.thucydides.core.requirements.BaseRequirementsService - Requirement found for test outcome Debe vizualizar el boton ADD TO CART-[]: Optional[Requirement{name='Selección en línea de productos de tecnología', type='feature' parent = 'Test advantageonlineshopping', cardNumber='null'}]
17:37:06.301 [pool-2-thread-5] DEBUG net.thucydides.core.requirements.BaseRequirementsService - Requirement found for test outcome Debe vizualizar el boton ADD TO CART-[]: Optional[Requirement{name='Selección en línea de productos de tecnología', type='feature' parent = 'Test advantageonlineshopping', cardNumber='null'}]
17:37:06.303 [pool-2-thread-7] DEBUG net.thucydides.core.requirements.BaseRequirementsService - Requirement found for test outcome Debe poder adicionar productos al carrito de compras-[]: Optional[Requirement{name='Selección en línea de productos de tecnología', type='feature' parent = 'Test advantageonlineshopping', cardNumber='null'}]
17:37:06.305 [pool-2-thread-7] DEBUG net.thucydides.core.requirements.BaseRequirementsService - Requirement found for test outcome Debe poder adicionar productos al carrito de compras-[]: Optional[Requirement{name='Selección en línea de productos de tecnología', type='feature' parent = 'Test advantageonlineshopping', cardNumber='null'}]
17:37:06.475 [pool-2-thread-1] DEBUG net.thucydides.core.reports.html.HtmlAcceptanceTestReporter - Generating report in b8a67a0dfe9229250fd29bd2b5334259b5ce41c6a62d566cb4b8470694d327d9_screenshots.html
17:37:06.475 [pool-2-thread-6] DEBUG net.thucydides.core.reports.html.HtmlAcceptanceTestReporter - Generating report in 2351777a5d68e9806776684355b6a01862d39601cb69a58c47d500ce39f9c252_screenshots.html
17:37:06.475 [pool-2-thread-3] DEBUG net.thucydides.core.reports.html.HtmlAcceptanceTestReporter - Generating report in 992d23ec793f4440da39865eff60a2127efeedb5e0e3444f66e5cf270f182399_screenshots.html
17:37:06.475 [pool-2-thread-4] DEBUG net.thucydides.core.reports.html.HtmlAcceptanceTestReporter - Generating report in 9c5c0d7c42025648601b39476da95637a7c32e1959bcc684fc3acd83ead25e16_screenshots.html
17:37:06.475 [pool-2-thread-5] DEBUG net.thucydides.core.reports.html.HtmlAcceptanceTestReporter - Generating report in e0bc33e07db7d626e7894da5b392656c6054da3593cc1113cc96e82d297a4fca_screenshots.html
17:37:06.475 [pool-2-thread-2] DEBUG net.thucydides.core.reports.html.HtmlAcceptanceTestReporter - Generating report in 227f7394a7e3d5a5db769d4b72c39706e66a9e5339f33eca00afdefd372ed2f2_screenshots.html
17:37:06.475 [pool-2-thread-7] DEBUG net.thucydides.core.reports.html.HtmlAcceptanceTestReporter - Generating report in 0659f97b4a5734339039859f3940540c99d74f5677604f98cf7c80893fbb41fa_screenshots.html
17:37:07.566 [pool-2-thread-5] DEBUG net.thucydides.core.reports.html.HtmlAcceptanceTestReporter - Generated report e0bc33e07db7d626e7894da5b392656c6054da3593cc1113cc96e82d297a4fca_screenshots.html in 1091 ms
17:37:07.569 [pool-2-thread-5] DEBUG net.thucydides.core.reports.html.HtmlAcceptanceTestReporter - GENERATING HTML REPORT FOR Selección en línea de productos de tecnología:Debe vizualizar el boton ADD TO CART in e0bc33e07db7d626e7894da5b392656c6054da3593cc1113cc96e82d297a4fca.html in directory C:\EJERCICIOS_BOOTCAMP\Retos\ProyectoFinal_advantageonlineshopping_3-4\target\site\serenity  
17:37:07.571 [pool-2-thread-3] DEBUG net.thucydides.core.reports.html.HtmlAcceptanceTestReporter - Generated report 992d23ec793f4440da39865eff60a2127efeedb5e0e3444f66e5cf270f182399_screenshots.html in 1096 ms
17:37:07.575 [pool-2-thread-5] DEBUG net.thucydides.core.reports.html.HtmlAcceptanceTestReporter - Generating report in e0bc33e07db7d626e7894da5b392656c6054da3593cc1113cc96e82d297a4fca.html
17:37:07.575 [pool-2-thread-3] DEBUG net.thucydides.core.reports.html.HtmlAcceptanceTestReporter - GENERATING HTML REPORT FOR Selección en línea de productos de tecnología:Debe permitir seleccionar el color del producto in 992d23ec793f4440da39865eff60a2127efeedb5e0e3444f66e5cf270f182399.html in directory C:\EJERCICIOS_BOOTCAMP\Retos\ProyectoFinal_advantageonlineshopping_3-4\target\site\serenity  
17:37:07.578 [pool-2-thread-3] DEBUG net.thucydides.core.reports.html.HtmlAcceptanceTestReporter - Generating report in 992d23ec793f4440da39865eff60a2127efeedb5e0e3444f66e5cf270f182399.html
17:37:07.594 [pool-2-thread-1] DEBUG net.thucydides.core.reports.html.HtmlAcceptanceTestReporter - Generated report b8a67a0dfe9229250fd29bd2b5334259b5ce41c6a62d566cb4b8470694d327d9_screenshots.html in 1119 ms
17:37:07.596 [pool-2-thread-1] DEBUG net.thucydides.core.reports.html.HtmlAcceptanceTestReporter - GENERATING HTML REPORT FOR Selección en línea de productos de tecnología:Debe Seleccionar la categoria de cualquier producto de tecnologia in b8a67a0dfe9229250fd29bd2b5334259b5ce41c6a62d566cb4b8470694d327d9.html in directory C:\EJERCICIOS_BOOTCAMP\Retos\ProyectoFinal_advantageonlineshopping_3-4\target\site\serenity  
17:37:07.608 [pool-2-thread-1] DEBUG net.thucydides.core.reports.html.HtmlAcceptanceTestReporter - Generating report in b8a67a0dfe9229250fd29bd2b5334259b5ce41c6a62d566cb4b8470694d327d9.html
17:37:07.624 [pool-2-thread-7] DEBUG net.thucydides.core.reports.html.HtmlAcceptanceTestReporter - Generated report 0659f97b4a5734339039859f3940540c99d74f5677604f98cf7c80893fbb41fa_screenshots.html in 1149 ms
17:37:07.635 [pool-2-thread-7] DEBUG net.thucydides.core.reports.html.HtmlAcceptanceTestReporter - GENERATING HTML REPORT FOR Selección en línea de productos de tecnología:Debe poder adicionar productos al carrito de compras in 0659f97b4a5734339039859f3940540c99d74f5677604f98cf7c80893fbb41fa.html in directory C:\EJERCICIOS_BOOTCAMP\Retos\ProyectoFinal_advantageonlineshopping_3-4\target\site\serenity  
17:37:07.637 [pool-2-thread-2] DEBUG net.thucydides.core.reports.html.HtmlAcceptanceTestReporter - Generated report 227f7394a7e3d5a5db769d4b72c39706e66a9e5339f33eca00afdefd372ed2f2_screenshots.html in 1162 ms
17:37:07.642 [pool-2-thread-2] DEBUG net.thucydides.core.reports.html.HtmlAcceptanceTestReporter - GENERATING HTML REPORT FOR Selección en línea de productos de tecnología:Debe vizualizar las diferentes vistas del articulo in 227f7394a7e3d5a5db769d4b72c39706e66a9e5339f33eca00afdefd372ed2f2.html in directory C:\EJERCICIOS_BOOTCAMP\Retos\ProyectoFinal_advantageonlineshopping_3-4\target\site\serenity  
17:37:07.690 [pool-2-thread-7] DEBUG net.thucydides.core.reports.html.HtmlAcceptanceTestReporter - Generating report in 0659f97b4a5734339039859f3940540c99d74f5677604f98cf7c80893fbb41fa.html
17:37:07.768 [pool-2-thread-2] DEBUG net.thucydides.core.reports.html.HtmlAcceptanceTestReporter - Generating report in 227f7394a7e3d5a5db769d4b72c39706e66a9e5339f33eca00afdefd372ed2f2.html
17:37:07.799 [pool-2-thread-4] DEBUG net.thucydides.core.reports.html.HtmlAcceptanceTestReporter - Generated report 9c5c0d7c42025648601b39476da95637a7c32e1959bcc684fc3acd83ead25e16_screenshots.html in 1324 ms
17:37:07.801 [pool-2-thread-4] DEBUG net.thucydides.core.reports.html.HtmlAcceptanceTestReporter - GENERATING HTML REPORT FOR Selección en línea de productos de tecnología:Debe permitir seleccionar la cantidad que se desea comprar in 9c5c0d7c42025648601b39476da95637a7c32e1959bcc684fc3acd83ead25e16.html in directory C:\EJERCICIOS_BOOTCAMP\Retos\ProyectoFinal_advantageonlineshopping_3-4\target\site\serenity  
17:37:07.804 [pool-2-thread-4] DEBUG net.thucydides.core.reports.html.HtmlAcceptanceTestReporter - Generating report in 9c5c0d7c42025648601b39476da95637a7c32e1959bcc684fc3acd83ead25e16.html
17:37:07.864 [pool-2-thread-6] DEBUG net.thucydides.core.reports.html.HtmlAcceptanceTestReporter - Generated report 2351777a5d68e9806776684355b6a01862d39601cb69a58c47d500ce39f9c252_screenshots.html in 1389 ms
17:37:07.867 [pool-2-thread-6] DEBUG net.thucydides.core.reports.html.HtmlAcceptanceTestReporter - GENERATING HTML REPORT FOR Selección en línea de productos de tecnología:Debe vizualizar las caracteristicas del producto in 2351777a5d68e9806776684355b6a01862d39601cb69a58c47d500ce39f9c252.html in directory C:\EJERCICIOS_BOOTCAMP\Retos\ProyectoFinal_advantageonlineshopping_3-4\target\site\serenity  
17:37:07.876 [pool-2-thread-6] DEBUG net.thucydides.core.reports.html.HtmlAcceptanceTestReporter - Generating report in 2351777a5d68e9806776684355b6a01862d39601cb69a58c47d500ce39f9c252.html
17:37:08.011 [pool-2-thread-3] DEBUG net.thucydides.core.reports.html.HtmlAcceptanceTestReporter - Generated report 992d23ec793f4440da39865eff60a2127efeedb5e0e3444f66e5cf270f182399.html in 433 ms
17:37:08.011 [pool-2-thread-3] DEBUG net.thucydides.core.reports.ReportService - Processing test outcome Selección en línea de productos de tecnología:Debe permitir seleccionar el color del producto done
17:37:08.034 [pool-2-thread-7] DEBUG net.thucydides.core.reports.html.HtmlAcceptanceTestReporter - Generated report 0659f97b4a5734339039859f3940540c99d74f5677604f98cf7c80893fbb41fa.html in 344 ms
17:37:08.034 [pool-2-thread-7] DEBUG net.thucydides.core.reports.ReportService - Processing test outcome Selección en línea de productos de tecnología:Debe poder adicionar productos al carrito de compras done
17:37:08.048 [pool-2-thread-4] DEBUG net.thucydides.core.reports.html.HtmlAcceptanceTestReporter - Generated report 9c5c0d7c42025648601b39476da95637a7c32e1959bcc684fc3acd83ead25e16.html in 244 ms
17:37:08.048 [pool-2-thread-4] DEBUG net.thucydides.core.reports.ReportService - Processing test outcome Selección en línea de productos de tecnología:Debe permitir seleccionar la cantidad que se desea comprar done
17:37:08.052 [pool-2-thread-1] DEBUG net.thucydides.core.reports.html.HtmlAcceptanceTestReporter - Generated report b8a67a0dfe9229250fd29bd2b5334259b5ce41c6a62d566cb4b8470694d327d9.html in 444 ms
17:37:08.052 [pool-2-thread-1] DEBUG net.thucydides.core.reports.ReportService - Processing test outcome Selección en línea de productos de tecnología:Debe Seleccionar la categoria de cualquier producto de tecnologia done
17:37:08.145 [pool-2-thread-2] DEBUG net.thucydides.core.reports.html.HtmlAcceptanceTestReporter - Generated report 227f7394a7e3d5a5db769d4b72c39706e66a9e5339f33eca00afdefd372ed2f2.html in 377 ms
17:37:08.146 [pool-2-thread-2] DEBUG net.thucydides.core.reports.ReportService - Processing test outcome Selección en línea de productos de tecnología:Debe vizualizar las diferentes vistas del articulo done
17:37:08.179 [pool-2-thread-5] DEBUG net.thucydides.core.reports.html.HtmlAcceptanceTestReporter - Generated report e0bc33e07db7d626e7894da5b392656c6054da3593cc1113cc96e82d297a4fca.html in 604 ms
17:37:08.180 [pool-2-thread-5] DEBUG net.thucydides.core.reports.ReportService - Processing test outcome Selección en línea de productos de tecnología:Debe vizualizar el boton ADD TO CART done
17:37:08.181 [pool-2-thread-6] DEBUG net.thucydides.core.reports.html.HtmlAcceptanceTestReporter - Generated report 2351777a5d68e9806776684355b6a01862d39601cb69a58c47d500ce39f9c252.html in 305 ms
17:37:08.181 [pool-2-thread-6] DEBUG net.thucydides.core.reports.ReportService - Processing test outcome Selección en línea de productos de tecnología:Debe vizualizar las caracteristicas del producto done
17:37:08.181 [Test worker] DEBUG net.thucydides.core.reports.ReportService - Shutting down executor service
17:37:08.181 [Test worker] DEBUG net.thucydides.core.reports.ReportService - Reports generated in: 2305 ms
17:37:08.596 [Test worker] DEBUG net.serenitybdd.core.photography.Darkroom - Closing darkroom
17:37:08.596 [Darkroom Processing Line] DEBUG net.serenitybdd.core.photography.DarkroomProcessingLine - Darkroom processing line shutting down

7 Scenarios (?[32m7 passed?[0m)
28 Steps (?[32m28 passed?[0m)
2m34,062s

]]></system-out>
  <system-err><![CDATA[]]></system-err>
</testsuite>
