<?xml version="1.0" encoding="UTF-8"?>
<testsuite name="com.indra.runners.FalabellaRunners" tests="0" skipped="0" failures="0" errors="0" timestamp="1970-01-01T00:00:00" hostname="22LAP5CD1346NKF" time="0.0">
  <properties/>
  <system-out><![CDATA[14:46:44.133 [Test worker] DEBUG net.thucydides.core.util.PropertiesFileLocalPreferences - LOADING LOCAL PROPERTIES FROM C:\EJERCICIOS_BOOTCAMP\Retos\Project_Falabella\serenity.properties 
14:46:44.178 [Test worker] DEBUG net.thucydides.core.util.PropertiesFileLocalPreferences - LOADING LOCAL PROPERTIES FROM C:\EJERCICIOS_BOOTCAMP\Retos\Project_Falabella\serenity.properties 
14:46:44.179 [Test worker] DEBUG net.thucydides.core.util.PropertiesFileLocalPreferences - LOADING LOCAL PROPERTIES FROM C:\EJERCICIOS_BOOTCAMP\Retos\Project_Falabella\serenity.properties 
14:46:44.186 [Test worker] DEBUG net.thucydides.core.util.PropertiesFileLocalPreferences - webdriver.driver=chrome
14:46:44.186 [Test worker] DEBUG net.thucydides.core.util.PropertiesFileLocalPreferences - chrome.capabilities.incognito=true
14:46:44.186 [Test worker] DEBUG net.thucydides.core.util.PropertiesFileLocalPreferences - webdriver.chrome.driver=src/test/resources/drivers/chromedriver.exe
14:46:44.187 [Test worker] DEBUG net.thucydides.core.util.PropertiesFileLocalPreferences - chrome.capabilities.acceptSslCerts=true
14:46:44.187 [Test worker] DEBUG net.thucydides.core.util.PropertiesFileLocalPreferences - serenity.console.colors=true
14:46:44.187 [Test worker] DEBUG net.thucydides.core.util.PropertiesFileLocalPreferences - webdriver.base.url=https://www.falabella.com.co
14:46:44.187 [Test worker] DEBUG net.thucydides.core.util.PropertiesFileLocalPreferences - serenity.project.name=Dojo Serenity / Cucumber
14:46:44.187 [Test worker] DEBUG net.thucydides.core.util.PropertiesFileLocalPreferences - webdriver.wait.for.timeout=4000
14:46:44.187 [Test worker] DEBUG net.thucydides.core.util.PropertiesFileLocalPreferences - serenity.use.unique.browser=true
14:46:44.187 [Test worker] DEBUG net.thucydides.core.util.PropertiesFileLocalPreferences - webdriver.timeouts.implicitlywait=10000
14:46:44.187 [Test worker] DEBUG net.thucydides.core.util.PropertiesFileLocalPreferences - serenity.browser.maximized=true
14:46:44.418 [Test worker] DEBUG net.thucydides.core.util.PropertiesFileLocalPreferences - LOADING LOCAL PROPERTIES FROM C:\EJERCICIOS_BOOTCAMP\Retos\Project_Falabella\serenity.properties 
14:46:44.426 [Test worker] DEBUG net.thucydides.core.util.PropertiesFileLocalPreferences - LOADING LOCAL PROPERTIES FROM C:\EJERCICIOS_BOOTCAMP\Retos\Project_Falabella\serenity.properties 
14:46:44.427 [Test worker] DEBUG net.thucydides.core.util.PropertiesFileLocalPreferences - LOADING LOCAL PROPERTIES FROM C:\EJERCICIOS_BOOTCAMP\Retos\Project_Falabella\serenity.properties 
14:46:44.428 [Test worker] DEBUG net.thucydides.core.util.PropertiesFileLocalPreferences - webdriver.driver=chrome
14:46:44.428 [Test worker] DEBUG net.thucydides.core.util.PropertiesFileLocalPreferences - chrome.capabilities.incognito=true
14:46:44.428 [Test worker] DEBUG net.thucydides.core.util.PropertiesFileLocalPreferences - webdriver.chrome.driver=src/test/resources/drivers/chromedriver.exe
14:46:44.429 [Test worker] DEBUG net.thucydides.core.util.PropertiesFileLocalPreferences - chrome.capabilities.acceptSslCerts=true
14:46:44.429 [Test worker] DEBUG net.thucydides.core.util.PropertiesFileLocalPreferences - serenity.console.colors=true
14:46:44.429 [Test worker] DEBUG net.thucydides.core.util.PropertiesFileLocalPreferences - webdriver.base.url=https://www.falabella.com.co
14:46:44.429 [Test worker] DEBUG net.thucydides.core.util.PropertiesFileLocalPreferences - serenity.project.name=Dojo Serenity / Cucumber
14:46:44.429 [Test worker] DEBUG net.thucydides.core.util.PropertiesFileLocalPreferences - webdriver.wait.for.timeout=4000
14:46:44.429 [Test worker] DEBUG net.thucydides.core.util.PropertiesFileLocalPreferences - serenity.use.unique.browser=true
14:46:44.429 [Test worker] DEBUG net.thucydides.core.util.PropertiesFileLocalPreferences - webdriver.timeouts.implicitlywait=10000
14:46:44.429 [Test worker] DEBUG net.thucydides.core.util.PropertiesFileLocalPreferences - serenity.browser.maximized=true
14:46:44.433 [Test worker] INFO net.thucydides.core.steps.ConsoleLoggingListener - ?[96m

-------------------------------------------------------------------------------------
     _______. _______ .______       _______ .__   __.  __  .___________.____    ____ 
    /       ||   ____||   _  \     |   ____||  \ |  | |  | |           |\   \  /   / 
   |   (----`|  |__   |  |_)  |    |  |__   |   \|  | |  | `---|  |----` \   \/   /  
    \   \    |   __|  |      /     |   __|  |  . `  | |  |     |  |       \_    _/   
.----)   |   |  |____ |  |\  \----.|  |____ |  |\   | |  |     |  |         |  |     
|_______/    |_______|| _| `._____||_______||__| \__| |__|     |__|         |__|    
                                                                                     
 News and tutorials at http://www.serenity-bdd.info                                  
 Documentation at https://wakaleo.gitbooks.io/the-serenity-book/content/             
 Join the Serenity Community on Rocket Chat at https://serenity-bdd.rocket.chat      
 Serenity BDD Support and Training at http://serenity-bdd.info/#/trainingandsupport  
 Learn Serenity BDD online at http://serenity-dojo.com                               
-------------------------------------------------------------------------------------
?[0m
14:46:44.438 [Test worker] DEBUG net.thucydides.core.steps.StepEventBus - Test suite started for story net.thucydides.core.model.Story@53964441
14:46:44.439 [Test worker] INFO net.thucydides.core.steps.ConsoleLoggingListener - Test Suite Started: Comprar Producto
14:46:44.477 [Test worker] INFO net.thucydides.core.steps.ConsoleLoggingListener - 
 _____ _____ ____ _____   ____ _____  _    ____ _____ _____ ____  
|_   _| ____/ ___|_   _| / ___|_   _|/ \  |  _ \_   _| ____|  _ \ 
  | | |  _| \___ \ | |   \___ \ | | / _ \ | |_) || | |  _| | | | |
  | | | |___ ___) || |    ___) || |/ ___ \|  _ < | | | |___| |_| |
  |_| |_____|____/ |_|   |____/ |_/_/   \_\_| \_\|_| |_____|____/ 
                                                                  

TEST STARTED: El usuario quiere realizar las compras de un producto
-------------------------------------------------------------------(comprar-producto;el-usuario-quiere-realizar-las-compras-de-un-producto)
14:46:44.548 [Test worker] DEBUG net.thucydides.core.requirements.model.cucumber.CucumberParser - Found no Cucumber 4.2.6 class cucumber.runtime.model.FeatureLoader try Cucumber 4.2.0 
14:46:44.548 [Test worker] DEBUG net.thucydides.core.requirements.model.cucumber.CucumberParser - Found no Cucumber 4.2.0 class cucumber.runtime.model.FeatureLoader try Cucumber 2.x.x 
14:47:14.559 [Test worker] DEBUG net.thucydides.core.reports.ReportService - Reporting formats: [JSON, HTML]
14:47:14.615 [Test worker] DEBUG net.thucydides.core.reports.ReportService - Reporting formats: [JSON, HTML]
14:47:14.624 [Test worker] DEBUG net.thucydides.core.reports.ReportService - Generating reports for 1 test outcomes using: net.thucydides.core.reports.json.JSONTestOutcomeReporter@647c574a
14:47:14.625 [pool-1-thread-1] DEBUG net.thucydides.core.reports.ReportService - Processing test outcome Comprar Producto:El usuario quiere realizar las compras de un producto
14:47:14.625 [pool-1-thread-1] DEBUG net.thucydides.core.reports.ReportService - net.thucydides.core.reports.json.JSONTestOutcomeReporter@647c574a: Generating report for test outcome: Comprar Producto:El usuario quiere realizar las compras de un producto
14:47:14.632 [pool-1-thread-1] DEBUG net.thucydides.core.reports.json.JSONTestOutcomeReporter - Generating JSON report for El usuario quiere realizar las compras de un producto to file C:\EJERCICIOS_BOOTCAMP\Retos\Project_Falabella\target\site\serenity\19cb3f39a4cb3052e4b41f6216bbf9e7da5af9af5490c4ea8bf355596a048126.json (using temp file C:\EJERCICIOS_BOOTCAMP\Retos\Project_Falabella\target\site\serenity\19cb3f39a4cb3052e4b41f6216bbf9e7da5af9af5490c4ea8bf355596a048126.json6462abcc-d2ff-4dc5-a9e7-d24e3ac2a4ca)
14:47:14.684 [pool-1-thread-1] DEBUG net.thucydides.core.reports.ReportService - Processing test outcome Comprar Producto:El usuario quiere realizar las compras de un producto done
14:47:14.684 [Test worker] DEBUG net.thucydides.core.reports.ReportService - Shutting down executor service
14:47:14.685 [Test worker] DEBUG net.thucydides.core.reports.ReportService - Reports generated in: 61 ms
14:47:14.685 [Test worker] DEBUG net.thucydides.core.reports.ReportService - Generating reports for 1 test outcomes using: net.thucydides.core.reports.html.HtmlAcceptanceTestReporter@3efa007
14:47:14.685 [pool-2-thread-1] DEBUG net.thucydides.core.reports.ReportService - Processing test outcome Comprar Producto:El usuario quiere realizar las compras de un producto
14:47:14.685 [pool-2-thread-1] DEBUG net.thucydides.core.reports.ReportService - net.thucydides.core.reports.html.HtmlAcceptanceTestReporter@3efa007: Generating report for test outcome: Comprar Producto:El usuario quiere realizar las compras de un producto
14:47:14.685 [pool-2-thread-1] DEBUG net.thucydides.core.reports.html.HtmlAcceptanceTestReporter - GENERATE TEST OUTCOME REPORT FOR El usuario quiere realizar las compras de un producto in 19cb3f39a4cb3052e4b41f6216bbf9e7da5af9af5490c4ea8bf355596a048126
14:47:14.722 [pool-2-thread-1] DEBUG net.thucydides.core.requirements.model.cucumber.CucumberParser - Found no Cucumber 4.2.6 class cucumber.runtime.model.FeatureLoader try Cucumber 4.2.0 
14:47:14.722 [pool-2-thread-1] DEBUG net.thucydides.core.requirements.model.cucumber.CucumberParser - Found no Cucumber 4.2.0 class cucumber.runtime.model.FeatureLoader try Cucumber 2.x.x 
14:47:14.725 [pool-2-thread-1] DEBUG net.thucydides.core.requirements.RequirementsTagProvider -  found:[Requirement{name='Falabella', type='capability' parent = 'null', cardNumber='null'}]
14:47:14.731 [pool-2-thread-1] DEBUG net.thucydides.core.requirements.BaseRequirementsService - Requirement found for test outcome El usuario quiere realizar las compras de un producto-[]: Optional[Requirement{name='Comprar Producto', type='feature' parent = 'Falabella', cardNumber='null'}]
14:47:14.734 [pool-2-thread-1] DEBUG net.thucydides.core.requirements.BaseRequirementsService - Requirement found for test outcome El usuario quiere realizar las compras de un producto-[]: Optional[Requirement{name='Comprar Producto', type='feature' parent = 'Falabella', cardNumber='null'}]
14:47:14.799 [pool-2-thread-1] DEBUG net.thucydides.core.requirements.BaseRequirementsService - Requirement found for test outcome El usuario quiere realizar las compras de un producto-[]: Optional[Requirement{name='Comprar Producto', type='feature' parent = 'Falabella', cardNumber='null'}]
14:47:14.800 [pool-2-thread-1] DEBUG net.thucydides.core.requirements.BaseRequirementsService - Requirement found for test outcome El usuario quiere realizar las compras de un producto-[]: Optional[Requirement{name='Comprar Producto', type='feature' parent = 'Falabella', cardNumber='null'}]
14:47:14.866 [pool-2-thread-1] DEBUG net.thucydides.core.reports.html.HtmlAcceptanceTestReporter - Generating report in 19cb3f39a4cb3052e4b41f6216bbf9e7da5af9af5490c4ea8bf355596a048126_screenshots.html
14:47:15.202 [pool-2-thread-1] DEBUG net.thucydides.core.reports.html.HtmlAcceptanceTestReporter - Generated report 19cb3f39a4cb3052e4b41f6216bbf9e7da5af9af5490c4ea8bf355596a048126_screenshots.html in 336 ms
14:47:15.203 [pool-2-thread-1] DEBUG net.thucydides.core.reports.html.HtmlAcceptanceTestReporter - GENERATING HTML REPORT FOR Comprar Producto:El usuario quiere realizar las compras de un producto in 19cb3f39a4cb3052e4b41f6216bbf9e7da5af9af5490c4ea8bf355596a048126.html in directory C:\EJERCICIOS_BOOTCAMP\Retos\Project_Falabella\target\site\serenity  
14:47:15.206 [pool-2-thread-1] DEBUG net.thucydides.core.reports.html.HtmlAcceptanceTestReporter - Generating report in 19cb3f39a4cb3052e4b41f6216bbf9e7da5af9af5490c4ea8bf355596a048126.html
14:47:15.306 [pool-2-thread-1] DEBUG net.thucydides.core.reports.html.HtmlAcceptanceTestReporter - Generated report 19cb3f39a4cb3052e4b41f6216bbf9e7da5af9af5490c4ea8bf355596a048126.html in 100 ms
14:47:15.306 [pool-2-thread-1] DEBUG net.thucydides.core.reports.ReportService - Processing test outcome Comprar Producto:El usuario quiere realizar las compras de un producto done
14:47:15.306 [Test worker] DEBUG net.thucydides.core.reports.ReportService - Shutting down executor service
14:47:15.306 [Test worker] DEBUG net.thucydides.core.reports.ReportService - Reports generated in: 621 ms
14:47:15.457 [Test worker] DEBUG net.serenitybdd.core.photography.Darkroom - Closing darkroom
14:47:15.457 [Darkroom Processing Line] DEBUG net.serenitybdd.core.photography.DarkroomProcessingLine - Darkroom processing line shutting down

1 Scenarios (?[32m1 passed?[0m)
4 Steps (?[32m4 passed?[0m)
0m30,227s

]]></system-out>
  <system-err><![CDATA[]]></system-err>
</testsuite>
